2026-04-23 09:04:48 - TqConnector - WARNING - 检测到使用默认占位符凭证，请设置环境变量 TQ_ACCOUNT 和 TQ_PASSWORD
2026-04-23 09:04:48 - TqConnector - INFO - [1/3] 正在连接天勤 API，账号: your_account，环境模式: sim
2026-04-23 09:04:48 - TqConnector - INFO - 使用本地模拟账户模式 (TqSim)，初始资金: 10000000.0
2026-04-23 09:04:49 - TqConnector - ERROR - [1/3] 连接失败: 用户权限认证失败 (403,{'error': '用户名或密码错误', 'error_description': '用户名或密码错误, 请重新输入'})
Traceback (most recent call last):
  File "D:\workspace\Trae\Futures-trading-Tqsdk\core\connection.py", line 189, in connect
    self.api = TqApi(account=trading_account, auth=auth)
               ^^^^^^^^^^^^^^^^^^^^^^^^^^^^^^^^^^^^^^^^^
  File "C:\Users\Administrator\AppData\Roaming\Python\Python312\site-packages\tqsdk\api.py", line 300, in __init__
    self._setup_connection()  # 初始化通讯连接
    ^^^^^^^^^^^^^^^^^^^^^^^^
  File "C:\Users\Administrator\AppData\Roaming\Python\Python312\site-packages\tqsdk\api.py", line 3541, in _setup_connection
    self._auth.login()  # tqwebhelper 有可能会设置 self._auth
    ^^^^^^^^^^^^^^^^^^
  File "C:\Users\Administrator\AppData\Roaming\Python\Python312\site-packages\tqsdk\auth.py", line 107, in login
    self._access_token, self._refresh_token = self._request_token({
                                              ^^^^^^^^^^^^^^^^^^^^^
  File "C:\Users\Administrator\AppData\Roaming\Python\Python312\site-packages\tqsdk\auth.py", line 130, in _request_token
    raise Exception("用户权限认证失败 (%d,%s)" % (response.status_code, json.loads(response.content)))
Exception: 用户权限认证失败 (403,{'error': '用户名或密码错误', 'error_description': '用户名或密码错误, 请重新输入'})
2026-04-23 09:04:49 - TqConnector - INFO - 指数退避等待 2 秒后进行第 2 次重试...
2026-04-23 09:04:51 - TqConnector - INFO - [2/3] 正在连接天勤 API，账号: your_account，环境模式: sim
2026-04-23 09:04:51 - TqConnector - INFO - 使用本地模拟账户模式 (TqSim)，初始资金: 10000000.0
2026-04-23 09:04:51 - TqConnector - ERROR - [2/3] 连接失败: 用户权限认证失败 (403,{'error': '用户名或密码错误', 'error_description': '用户名或密码错误, 请重新输入'})
Traceback (most recent call last):
  File "D:\workspace\Trae\Futures-trading-Tqsdk\core\connection.py", line 189, in connect
    self.api = TqApi(account=trading_account, auth=auth)
               ^^^^^^^^^^^^^^^^^^^^^^^^^^^^^^^^^^^^^^^^^
  File "C:\Users\Administrator\AppData\Roaming\Python\Python312\site-packages\tqsdk\api.py", line 300, in __init__
    self._setup_connection()  # 初始化通讯连接
    ^^^^^^^^^^^^^^^^^^^^^^^^
  File "C:\Users\Administrator\AppData\Roaming\Python\Python312\site-packages\tqsdk\api.py", line 3541, in _setup_connection
    self._auth.login()  # tqwebhelper 有可能会设置 self._auth
    ^^^^^^^^^^^^^^^^^^
  File "C:\Users\Administrator\AppData\Roaming\Python\Python312\site-packages\tqsdk\auth.py", line 107, in login
    self._access_token, self._refresh_token = self._request_token({
                                              ^^^^^^^^^^^^^^^^^^^^^
  File "C:\Users\Administrator\AppData\Roaming\Python\Python312\site-packages\tqsdk\auth.py", line 130, in _request_token
    raise Exception("用户权限认证失败 (%d,%s)" % (response.status_code, json.loads(response.content)))
Exception: 用户权限认证失败 (403,{'error': '用户名或密码错误', 'error_description': '用户名或密码错误, 请重新输入'})
2026-04-23 09:04:51 - TqConnector - INFO - 指数退避等待 4 秒后进行第 3 次重试...
2026-04-23 09:04:55 - TqConnector - INFO - [3/3] 正在连接天勤 API，账号: your_account，环境模式: sim
2026-04-23 09:04:55 - TqConnector - INFO - 使用本地模拟账户模式 (TqSim)，初始资金: 10000000.0
2026-04-23 09:04:55 - TqConnector - ERROR - [3/3] 连接失败: 用户权限认证失败 (403,{'error': '用户名或密码错误', 'error_description': '用户名或密码错误, 请重新输入'})
Traceback (most recent call last):
  File "D:\workspace\Trae\Futures-trading-Tqsdk\core\connection.py", line 189, in connect
    self.api = TqApi(account=trading_account, auth=auth)
               ^^^^^^^^^^^^^^^^^^^^^^^^^^^^^^^^^^^^^^^^^
  File "C:\Users\Administrator\AppData\Roaming\Python\Python312\site-packages\tqsdk\api.py", line 300, in __init__
    self._setup_connection()  # 初始化通讯连接
    ^^^^^^^^^^^^^^^^^^^^^^^^
  File "C:\Users\Administrator\AppData\Roaming\Python\Python312\site-packages\tqsdk\api.py", line 3541, in _setup_connection
    self._auth.login()  # tqwebhelper 有可能会设置 self._auth
    ^^^^^^^^^^^^^^^^^^
  File "C:\Users\Administrator\AppData\Roaming\Python\Python312\site-packages\tqsdk\auth.py", line 107, in login
    self._access_token, self._refresh_token = self._request_token({
                                              ^^^^^^^^^^^^^^^^^^^^^
  File "C:\Users\Administrator\AppData\Roaming\Python\Python312\site-packages\tqsdk\auth.py", line 130, in _request_token
    raise Exception("用户权限认证失败 (%d,%s)" % (response.status_code, json.loads(response.content)))
Exception: 用户权限认证失败 (403,{'error': '用户名或密码错误', 'error_description': '用户名或密码错误, 请重新输入'})
2026-04-23 09:04:55 - TqConnector - FATAL - 连接失败，已尝试 3 次，最后错误: 用户权限认证失败 (403,{'error': '用户名或密码错误', 'error_description': '用户名或密码错误, 请重新输入'})
