2026-05-03 22:14:04,224 | INFO | ================================================================================
2026-05-03 22:14:04,224 | INFO | 信号调试日志已初始化 - 向量化计算模式
2026-05-03 22:14:04,224 | INFO | 日志文件: D:\workspace\Trae\Futures-trading-Tqsdk\logs\debug_signal_20260503_221404.log
2026-05-03 22:14:04,224 | INFO | pandas可用: True, talib可用: False
2026-05-03 22:14:04,224 | INFO | ================================================================================
2026-05-03 22:14:14,804 | INFO | [SHFE.rb2410] cycle=1 | close=10.00 | warmed_up=False | is_ready=False | position=0
2026-05-03 22:14:14,804 | INFO | [SHFE.rb2410] cycle=1 | signal=HOLD_MA_NOT_READY
2026-05-03 22:14:14,822 | INFO | [SHFE.rb2410] cycle=1 | close=10.00 | warmed_up=False | is_ready=False | position=0
2026-05-03 22:14:14,822 | INFO | [SHFE.rb2410] cycle=1 | signal=HOLD_MA_NOT_READY
2026-05-03 22:14:14,823 | INFO | [SHFE.rb2410] cycle=2 | close=11.00 | warmed_up=False | is_ready=False | position=0
2026-05-03 22:14:14,823 | INFO | [SHFE.rb2410] cycle=2 | signal=HOLD_MA_NOT_READY
2026-05-03 22:14:14,824 | INFO | [SHFE.rb2410] cycle=3 | close=12.00 | warmed_up=False | is_ready=False | position=0
2026-05-03 22:14:14,824 | INFO | [SHFE.rb2410] cycle=3 | signal=HOLD_MA_NOT_READY
2026-05-03 22:14:14,836 | INFO | [SHFE.rb2410] cycle=1 | close=10.00 | warmed_up=False | is_ready=False | position=0
2026-05-03 22:14:14,836 | INFO | [SHFE.rb2410] cycle=1 | signal=HOLD_MA_NOT_READY
2026-05-03 22:14:14,838 | INFO | [SHFE.rb2410] cycle=2 | close=11.00 | warmed_up=False | is_ready=False | position=0
2026-05-03 22:14:14,838 | INFO | [SHFE.rb2410] cycle=2 | signal=HOLD_MA_NOT_READY
2026-05-03 22:14:14,838 | INFO | [SHFE.rb2410] cycle=3 | close=12.00 | warmed_up=False | is_ready=False | position=0
2026-05-03 22:14:14,838 | INFO | [SHFE.rb2410] cycle=3 | signal=HOLD_MA_NOT_READY
2026-05-03 22:14:14,839 | INFO | [SHFE.rb2410] cycle=4 | close=13.00 | warmed_up=False | is_ready=False | position=0
2026-05-03 22:14:14,839 | INFO | [SHFE.rb2410] cycle=4 | signal=HOLD_MA_NOT_READY
2026-05-03 22:14:14,842 | INFO | 
2026-05-03 22:14:14,842 | INFO | ================================================================================
2026-05-03 22:14:14,842 | INFO | [均线轨迹追踪] cycle=5 - 最近5根K线
2026-05-03 22:14:14,842 | INFO | --------------------------------------------------------------------------------
2026-05-03 22:14:14,844 | INFO | 周期       收盘价          MA3             MA5             状态        
2026-05-03 22:14:14,844 | INFO | --------------------------------------------------------------------------------
2026-05-03 22:14:14,844 | INFO | 1        10.00        nan             nan             交叉        
2026-05-03 22:14:14,844 | INFO | 2        11.00        nan             nan             交叉        
2026-05-03 22:14:14,844 | INFO | 3        12.00        11.00           nan             交叉        
2026-05-03 22:14:14,844 | INFO | 4        13.00        12.00           nan             交叉        
2026-05-03 22:14:14,844 | INFO | 5        14.00        13.00           12.00           多头排列       <-- 当前
2026-05-03 22:14:14,844 | INFO | --------------------------------------------------------------------------------
2026-05-03 22:14:14,844 | INFO | 均线变动: MA3 变化=+1.0000, MA5 变化=+nan
2026-05-03 22:14:14,844 | INFO | ⚠️ 金叉信号: MA3 上穿 MA5
2026-05-03 22:14:14,844 | INFO | ================================================================================
2026-05-03 22:14:14,844 | INFO | 
2026-05-03 22:14:14,845 | INFO | [SHFE.rb2410] cycle=5 | close=14.00 | MA3=13.00 | MA5=12.00 | warmed_up=False | is_ready=False | curr_above=True | curr_below=False | position=0
2026-05-03 22:14:14,845 | INFO | [SHFE.rb2410] cycle=5 | MA5=13.00 | MA20=12.00 | signal=HOLD_PREV_MA_NOT_READY
2026-05-03 22:14:14,858 | INFO | [SHFE.rb2410] cycle=1 | close=10.00 | warmed_up=False | is_ready=False | position=0
2026-05-03 22:14:14,859 | INFO | [SHFE.rb2410] cycle=1 | signal=HOLD_MA_NOT_READY
2026-05-03 22:14:14,860 | INFO | [SHFE.rb2410] cycle=2 | close=11.00 | warmed_up=False | is_ready=False | position=0
2026-05-03 22:14:14,860 | INFO | [SHFE.rb2410] cycle=2 | signal=HOLD_MA_NOT_READY
2026-05-03 22:14:14,860 | INFO | [SHFE.rb2410] cycle=3 | close=12.00 | warmed_up=False | is_ready=False | position=0
2026-05-03 22:14:14,860 | INFO | [SHFE.rb2410] cycle=3 | signal=HOLD_MA_NOT_READY
2026-05-03 22:14:14,861 | INFO | [SHFE.rb2410] cycle=4 | close=13.00 | warmed_up=False | is_ready=False | position=0
2026-05-03 22:14:14,861 | INFO | [SHFE.rb2410] cycle=4 | signal=HOLD_MA_NOT_READY
2026-05-03 22:14:14,864 | INFO | 
2026-05-03 22:14:14,864 | INFO | ================================================================================
2026-05-03 22:14:14,864 | INFO | [均线轨迹追踪] cycle=5 - 最近5根K线
2026-05-03 22:14:14,864 | INFO | --------------------------------------------------------------------------------
2026-05-03 22:14:14,864 | INFO | 周期       收盘价          MA3             MA5             状态        
2026-05-03 22:14:14,864 | INFO | --------------------------------------------------------------------------------
2026-05-03 22:14:14,864 | INFO | 1        10.00        nan             nan             交叉        
2026-05-03 22:14:14,864 | INFO | 2        11.00        nan             nan             交叉        
2026-05-03 22:14:14,864 | INFO | 3        12.00        11.00           nan             交叉        
2026-05-03 22:14:14,864 | INFO | 4        13.00        12.00           nan             交叉        
2026-05-03 22:14:14,864 | INFO | 5        14.00        13.00           12.00           多头排列       <-- 当前
2026-05-03 22:14:14,865 | INFO | --------------------------------------------------------------------------------
2026-05-03 22:14:14,865 | INFO | 均线变动: MA3 变化=+1.0000, MA5 变化=+nan
2026-05-03 22:14:14,865 | INFO | ⚠️ 金叉信号: MA3 上穿 MA5
2026-05-03 22:14:14,865 | INFO | ================================================================================
2026-05-03 22:14:14,865 | INFO | 
2026-05-03 22:14:14,865 | INFO | [SHFE.rb2410] cycle=5 | close=14.00 | MA3=13.00 | MA5=12.00 | warmed_up=False | is_ready=False | curr_above=True | curr_below=False | position=0
2026-05-03 22:14:14,865 | INFO | [SHFE.rb2410] cycle=5 | MA5=13.00 | MA20=12.00 | signal=HOLD_PREV_MA_NOT_READY
2026-05-03 22:14:14,870 | INFO | 
2026-05-03 22:14:14,870 | INFO | ================================================================================
2026-05-03 22:14:14,870 | INFO | [均线轨迹追踪] cycle=6 - 最近5根K线
2026-05-03 22:14:14,870 | INFO | --------------------------------------------------------------------------------
2026-05-03 22:14:14,870 | INFO | 周期       收盘价          MA3             MA5             状态        
2026-05-03 22:14:14,870 | INFO | --------------------------------------------------------------------------------
2026-05-03 22:14:14,870 | INFO | 2        11.00        nan             nan             交叉        
2026-05-03 22:14:14,870 | INFO | 3        12.00        11.00           nan             交叉        
2026-05-03 22:14:14,870 | INFO | 4        13.00        12.00           nan             交叉        
2026-05-03 22:14:14,870 | INFO | 5        14.00        13.00           12.00           多头排列      
2026-05-03 22:14:14,870 | INFO | 6        15.00        14.00           13.00           多头排列       <-- 当前
2026-05-03 22:14:14,870 | INFO | --------------------------------------------------------------------------------
2026-05-03 22:14:14,870 | INFO | 均线变动: MA3 变化=+1.0000, MA5 变化=+1.0000
2026-05-03 22:14:14,870 | INFO | ================================================================================
2026-05-03 22:14:14,871 | INFO | 
2026-05-03 22:14:14,871 | INFO | [SHFE.rb2410] cycle=6 | close=15.00 | MA3=14.00 | prev_MA3=13.00 | MA5=13.00 | prev_MA5=12.00 | warmed_up=False | is_ready=False | prev_above=True | curr_above=True | prev_below=False | curr_below=False | position=0
2026-05-03 22:14:14,871 | INFO | [SHFE.rb2410] cycle=6 | MA5=14.00 | prev_MA5=13.00 | MA20=13.00 | prev_MA20=12.00 | prev_above=True | curr_above=True | prev_below=False | curr_below=False | signal=HOLD_SHORT_ABOVE_LONG
2026-05-03 22:14:14,874 | INFO | [SHFE.rb2410] cycle=1 | close=10.00 | warmed_up=False | is_ready=False | position=0
2026-05-03 22:14:14,874 | INFO | [SHFE.rb2410] cycle=1 | signal=HOLD_MA_NOT_READY
2026-05-03 22:14:14,876 | INFO | [SHFE.rb2410] cycle=2 | close=11.00 | warmed_up=False | is_ready=False | position=0
2026-05-03 22:14:14,876 | INFO | [SHFE.rb2410] cycle=2 | signal=HOLD_MA_NOT_READY
2026-05-03 22:14:14,879 | INFO | 
2026-05-03 22:14:14,879 | INFO | ================================================================================
2026-05-03 22:14:14,879 | INFO | [均线轨迹追踪] cycle=3 - 最近3根K线
2026-05-03 22:14:14,879 | INFO | --------------------------------------------------------------------------------
2026-05-03 22:14:14,879 | INFO | 周期       收盘价          MA2             MA3             状态        
2026-05-03 22:14:14,879 | INFO | --------------------------------------------------------------------------------
2026-05-03 22:14:14,879 | INFO | 1        10.00        nan             nan             交叉        
2026-05-03 22:14:14,879 | INFO | 2        11.00        10.50           nan             交叉        
2026-05-03 22:14:14,879 | INFO | 3        9.00         10.00           10.00           交叉         <-- 当前
2026-05-03 22:14:14,879 | INFO | --------------------------------------------------------------------------------
2026-05-03 22:14:14,880 | INFO | 均线变动: MA2 变化=-0.5000, MA3 变化=+nan
2026-05-03 22:14:14,880 | INFO | ================================================================================
2026-05-03 22:14:14,880 | INFO | 
2026-05-03 22:14:14,880 | INFO | [SHFE.rb2410] cycle=3 | close=9.00 | MA2=10.00 | MA3=10.00 | warmed_up=False | is_ready=False | curr_above=False | curr_below=False | position=0
2026-05-03 22:14:14,880 | INFO | [SHFE.rb2410] cycle=3 | MA5=10.00 | MA20=10.00 | signal=HOLD_PREV_MA_NOT_READY
2026-05-03 22:14:14,883 | INFO | 
2026-05-03 22:14:14,883 | INFO | ================================================================================
2026-05-03 22:14:14,883 | INFO | [均线轨迹追踪] cycle=4 - 最近4根K线
2026-05-03 22:14:14,883 | INFO | --------------------------------------------------------------------------------
2026-05-03 22:14:14,883 | INFO | 周期       收盘价          MA2             MA3             状态        
2026-05-03 22:14:14,883 | INFO | --------------------------------------------------------------------------------
2026-05-03 22:14:14,883 | INFO | 1        10.00        nan             nan             交叉        
2026-05-03 22:14:14,883 | INFO | 2        11.00        10.50           nan             交叉        
2026-05-03 22:14:14,883 | INFO | 3        9.00         10.00           10.00           交叉        
2026-05-03 22:14:14,885 | INFO | 4        15.00        12.00           11.67           多头排列       <-- 当前
2026-05-03 22:14:14,885 | INFO | --------------------------------------------------------------------------------
2026-05-03 22:14:14,885 | INFO | 均线变动: MA2 变化=+2.0000, MA3 变化=+1.6667
2026-05-03 22:14:14,885 | INFO | ⚠️ 金叉信号: MA2 上穿 MA3
2026-05-03 22:14:14,885 | INFO | ================================================================================
2026-05-03 22:14:14,885 | INFO | 
2026-05-03 22:14:14,885 | INFO | [SHFE.rb2410] cycle=4 | close=15.00 | MA2=12.00 | prev_MA2=10.00 | MA3=11.67 | prev_MA3=10.00 | warmed_up=False | is_ready=False | prev_above=False | curr_above=True | prev_below=False | curr_below=False | position=0
2026-05-03 22:14:14,885 | INFO | [SHFE.rb2410] cycle=4 | MA5=12.00 | prev_MA5=10.00 | MA20=11.67 | prev_MA20=10.00 | prev_above=False | curr_above=True | prev_below=False | curr_below=False | signal=HOLD_NO_CROSS
2026-05-03 22:14:14,887 | INFO | [SHFE.rb2410] cycle=1 | close=10.00 | warmed_up=False | is_ready=False | position=0
2026-05-03 22:14:14,888 | INFO | [SHFE.rb2410] cycle=1 | signal=HOLD_MA_NOT_READY
2026-05-03 22:14:14,889 | INFO | [SHFE.rb2410] cycle=2 | close=15.00 | warmed_up=False | is_ready=False | position=0
2026-05-03 22:14:14,889 | INFO | [SHFE.rb2410] cycle=2 | signal=HOLD_MA_NOT_READY
2026-05-03 22:14:14,892 | INFO | 
2026-05-03 22:14:14,892 | INFO | ================================================================================
2026-05-03 22:14:14,892 | INFO | [均线轨迹追踪] cycle=3 - 最近3根K线
2026-05-03 22:14:14,892 | INFO | --------------------------------------------------------------------------------
2026-05-03 22:14:14,892 | INFO | 周期       收盘价          MA2             MA3             状态        
2026-05-03 22:14:14,892 | INFO | --------------------------------------------------------------------------------
2026-05-03 22:14:14,892 | INFO | 1        10.00        nan             nan             交叉        
2026-05-03 22:14:14,892 | INFO | 2        15.00        12.50           nan             交叉        
2026-05-03 22:14:14,892 | INFO | 3        12.00        13.50           12.33           多头排列       <-- 当前
2026-05-03 22:14:14,893 | INFO | --------------------------------------------------------------------------------
2026-05-03 22:14:14,893 | INFO | 均线变动: MA2 变化=+1.0000, MA3 变化=+nan
2026-05-03 22:14:14,893 | INFO | ⚠️ 金叉信号: MA2 上穿 MA3
2026-05-03 22:14:14,893 | INFO | ================================================================================
2026-05-03 22:14:14,893 | INFO | 
2026-05-03 22:14:14,893 | INFO | [SHFE.rb2410] cycle=3 | close=12.00 | MA2=13.50 | MA3=12.33 | warmed_up=False | is_ready=False | curr_above=True | curr_below=False | position=0
2026-05-03 22:14:14,893 | INFO | [SHFE.rb2410] cycle=3 | MA5=13.50 | MA20=12.33 | signal=HOLD_PREV_MA_NOT_READY
2026-05-03 22:14:14,895 | INFO | 
2026-05-03 22:14:14,895 | INFO | ================================================================================
2026-05-03 22:14:14,895 | INFO | [均线轨迹追踪] cycle=4 - 最近4根K线
2026-05-03 22:14:14,896 | INFO | --------------------------------------------------------------------------------
2026-05-03 22:14:14,896 | INFO | 周期       收盘价          MA2             MA3             状态        
2026-05-03 22:14:14,896 | INFO | --------------------------------------------------------------------------------
2026-05-03 22:14:14,896 | INFO | 1        10.00        nan             nan             交叉        
2026-05-03 22:14:14,896 | INFO | 2        15.00        12.50           nan             交叉        
2026-05-03 22:14:14,896 | INFO | 3        12.00        13.50           12.33           多头排列      
2026-05-03 22:14:14,896 | INFO | 4        5.00         8.50            10.67           空头排列       <-- 当前
2026-05-03 22:14:14,896 | INFO | --------------------------------------------------------------------------------
2026-05-03 22:14:14,896 | INFO | 均线变动: MA2 变化=-5.0000, MA3 变化=-1.6667
2026-05-03 22:14:14,896 | INFO | ⚠️ 死叉信号: MA2 下穿 MA3
2026-05-03 22:14:14,897 | INFO | ================================================================================
2026-05-03 22:14:14,897 | INFO | 
2026-05-03 22:14:14,897 | INFO | [SHFE.rb2410] cycle=4 | close=5.00 | MA2=8.50 | prev_MA2=13.50 | MA3=10.67 | prev_MA3=12.33 | warmed_up=False | is_ready=False | prev_above=True | curr_above=False | prev_below=False | curr_below=True | position=0
2026-05-03 22:14:14,897 | INFO | [SHFE.rb2410] cycle=4 | MA5=8.50 | prev_MA5=13.50 | MA20=10.67 | prev_MA20=12.33 | prev_above=True | curr_above=False | prev_below=False | curr_below=True | signal=DEATH_CROSS
2026-05-03 22:14:14,901 | INFO | [SHFE.rb2410] cycle=1 | close=10.00 | warmed_up=False | is_ready=False | position=0
2026-05-03 22:14:14,901 | INFO | [SHFE.rb2410] cycle=1 | signal=HOLD_MA_NOT_READY
2026-05-03 22:14:14,902 | INFO | [SHFE.rb2410] cycle=2 | close=11.00 | warmed_up=False | is_ready=False | position=0
2026-05-03 22:14:14,902 | INFO | [SHFE.rb2410] cycle=2 | signal=HOLD_MA_NOT_READY
2026-05-03 22:14:14,905 | INFO | 
2026-05-03 22:14:14,905 | INFO | ================================================================================
2026-05-03 22:14:14,906 | INFO | [均线轨迹追踪] cycle=3 - 最近3根K线
2026-05-03 22:14:14,906 | INFO | --------------------------------------------------------------------------------
2026-05-03 22:14:14,906 | INFO | 周期       收盘价          MA2             MA3             状态        
2026-05-03 22:14:14,906 | INFO | --------------------------------------------------------------------------------
2026-05-03 22:14:14,906 | INFO | 1        10.00        nan             nan             交叉        
2026-05-03 22:14:14,906 | INFO | 2        11.00        10.50           nan             交叉        
2026-05-03 22:14:14,906 | INFO | 3        12.00        11.50           11.00           多头排列       <-- 当前
2026-05-03 22:14:14,906 | INFO | --------------------------------------------------------------------------------
2026-05-03 22:14:14,906 | INFO | 均线变动: MA2 变化=+1.0000, MA3 变化=+nan
2026-05-03 22:14:14,906 | INFO | ⚠️ 金叉信号: MA2 上穿 MA3
2026-05-03 22:14:14,906 | INFO | ================================================================================
2026-05-03 22:14:14,906 | INFO | 
2026-05-03 22:14:14,906 | INFO | [SHFE.rb2410] cycle=3 | close=12.00 | MA2=11.50 | MA3=11.00 | warmed_up=False | is_ready=False | curr_above=True | curr_below=False | position=0
2026-05-03 22:14:14,906 | INFO | [SHFE.rb2410] cycle=3 | MA5=11.50 | MA20=11.00 | signal=HOLD_PREV_MA_NOT_READY
2026-05-03 22:14:14,909 | INFO | 
2026-05-03 22:14:14,909 | INFO | ================================================================================
2026-05-03 22:14:14,909 | INFO | [均线轨迹追踪] cycle=4 - 最近4根K线
2026-05-03 22:14:14,909 | INFO | --------------------------------------------------------------------------------
2026-05-03 22:14:14,909 | INFO | 周期       收盘价          MA2             MA3             状态        
2026-05-03 22:14:14,909 | INFO | --------------------------------------------------------------------------------
2026-05-03 22:14:14,910 | INFO | 1        10.00        nan             nan             交叉        
2026-05-03 22:14:14,910 | INFO | 2        11.00        10.50           nan             交叉        
2026-05-03 22:14:14,910 | INFO | 3        12.00        11.50           11.00           多头排列      
2026-05-03 22:14:14,910 | INFO | 4        13.00        12.50           12.00           多头排列       <-- 当前
2026-05-03 22:14:14,910 | INFO | --------------------------------------------------------------------------------
2026-05-03 22:14:14,910 | INFO | 均线变动: MA2 变化=+1.0000, MA3 变化=+1.0000
2026-05-03 22:14:14,910 | INFO | ================================================================================
2026-05-03 22:14:14,910 | INFO | 
2026-05-03 22:14:14,910 | INFO | [SHFE.rb2410] cycle=4 | close=13.00 | MA2=12.50 | prev_MA2=11.50 | MA3=12.00 | prev_MA3=11.00 | warmed_up=False | is_ready=False | prev_above=True | curr_above=True | prev_below=False | curr_below=False | position=0
2026-05-03 22:14:14,910 | INFO | [SHFE.rb2410] cycle=4 | MA5=12.50 | prev_MA5=11.50 | MA20=12.00 | prev_MA20=11.00 | prev_above=True | curr_above=True | prev_below=False | curr_below=False | signal=HOLD_SHORT_ABOVE_LONG
2026-05-03 22:14:14,912 | INFO | [SHFE.rb2410] cycle=1 | close=10.00 | warmed_up=False | is_ready=False | position=0
2026-05-03 22:14:14,914 | INFO | [SHFE.rb2410] cycle=1 | signal=HOLD_MA_NOT_READY
2026-05-03 22:14:14,915 | INFO | [SHFE.rb2410] cycle=2 | close=11.00 | warmed_up=False | is_ready=False | position=0
2026-05-03 22:14:14,915 | INFO | [SHFE.rb2410] cycle=2 | signal=HOLD_MA_NOT_READY
2026-05-03 22:14:14,920 | INFO | 
2026-05-03 22:14:14,920 | INFO | ================================================================================
2026-05-03 22:14:14,920 | INFO | [均线轨迹追踪] cycle=3 - 最近3根K线
2026-05-03 22:14:14,920 | INFO | --------------------------------------------------------------------------------
2026-05-03 22:14:14,920 | INFO | 周期       收盘价          MA2             MA3             状态        
2026-05-03 22:14:14,921 | INFO | --------------------------------------------------------------------------------
2026-05-03 22:14:14,921 | INFO | 1        10.00        nan             nan             交叉        
2026-05-03 22:14:14,921 | INFO | 2        11.00        10.50           nan             交叉        
2026-05-03 22:14:14,921 | INFO | 3        12.00        11.50           11.00           多头排列       <-- 当前
2026-05-03 22:14:14,921 | INFO | --------------------------------------------------------------------------------
2026-05-03 22:14:14,921 | INFO | 均线变动: MA2 变化=+1.0000, MA3 变化=+nan
2026-05-03 22:14:14,921 | INFO | ⚠️ 金叉信号: MA2 上穿 MA3
2026-05-03 22:14:14,921 | INFO | ================================================================================
2026-05-03 22:14:14,921 | INFO | 
2026-05-03 22:14:14,921 | INFO | [SHFE.rb2410] cycle=3 | close=12.00 | MA2=11.50 | MA3=11.00 | warmed_up=False | is_ready=False | curr_above=True | curr_below=False | position=0
2026-05-03 22:14:14,922 | INFO | [SHFE.rb2410] cycle=3 | MA5=11.50 | MA20=11.00 | signal=HOLD_PREV_MA_NOT_READY
2026-05-03 22:14:14,924 | INFO | [SHFE.rb2410] cycle=1 | close=10.00 | warmed_up=False | is_ready=False | position=0
2026-05-03 22:14:14,925 | INFO | [SHFE.rb2410] cycle=1 | signal=HOLD_MA_NOT_READY
2026-05-03 22:14:14,926 | INFO | [SHFE.rb2410] cycle=2 | close=11.00 | warmed_up=False | is_ready=False | position=0
2026-05-03 22:14:14,926 | INFO | [SHFE.rb2410] cycle=2 | signal=HOLD_MA_NOT_READY
2026-05-03 22:14:14,929 | INFO | 
2026-05-03 22:14:14,929 | INFO | ================================================================================
2026-05-03 22:14:14,929 | INFO | [均线轨迹追踪] cycle=3 - 最近3根K线
2026-05-03 22:14:14,929 | INFO | --------------------------------------------------------------------------------
2026-05-03 22:14:14,929 | INFO | 周期       收盘价          MA2             MA3             状态        
2026-05-03 22:14:14,929 | INFO | --------------------------------------------------------------------------------
2026-05-03 22:14:14,929 | INFO | 1        10.00        nan             nan             交叉        
2026-05-03 22:14:14,929 | INFO | 2        11.00        10.50           nan             交叉        
2026-05-03 22:14:14,929 | INFO | 3        12.00        11.50           11.00           多头排列       <-- 当前
2026-05-03 22:14:14,929 | INFO | --------------------------------------------------------------------------------
2026-05-03 22:14:14,930 | INFO | 均线变动: MA2 变化=+1.0000, MA3 变化=+nan
2026-05-03 22:14:14,930 | INFO | ⚠️ 金叉信号: MA2 上穿 MA3
2026-05-03 22:14:14,930 | INFO | ================================================================================
2026-05-03 22:14:14,930 | INFO | 
2026-05-03 22:14:14,930 | INFO | [SHFE.rb2410] cycle=3 | close=12.00 | MA2=11.50 | MA3=11.00 | warmed_up=False | is_ready=False | curr_above=True | curr_below=False | position=0
2026-05-03 22:14:14,930 | INFO | [SHFE.rb2410] cycle=3 | MA5=11.50 | MA20=11.00 | signal=HOLD_PREV_MA_NOT_READY
2026-05-03 22:14:14,976 | INFO | [SHFE.rb2410] cycle=1 | close=10.00 | warmed_up=False | is_ready=False | position=0
2026-05-03 22:14:14,976 | INFO | [SHFE.rb2410] cycle=1 | signal=HOLD_MA_NOT_READY
2026-05-03 22:14:14,978 | INFO | [SHFE.rb2410] cycle=2 | close=11.00 | warmed_up=False | is_ready=False | position=0
2026-05-03 22:14:14,978 | INFO | [SHFE.rb2410] cycle=2 | signal=HOLD_MA_NOT_READY
2026-05-03 22:14:14,982 | INFO | 
2026-05-03 22:14:14,982 | INFO | ================================================================================
2026-05-03 22:14:14,982 | INFO | [均线轨迹追踪] cycle=3 - 最近3根K线
2026-05-03 22:14:14,982 | INFO | --------------------------------------------------------------------------------
2026-05-03 22:14:14,982 | INFO | 周期       收盘价          MA2             MA3             状态        
2026-05-03 22:14:14,982 | INFO | --------------------------------------------------------------------------------
2026-05-03 22:14:14,982 | INFO | 1        10.00        nan             nan             交叉        
2026-05-03 22:14:14,982 | INFO | 2        11.00        10.50           nan             交叉        
2026-05-03 22:14:14,982 | INFO | 3        12.00        11.50           11.00           多头排列       <-- 当前
2026-05-03 22:14:14,982 | INFO | --------------------------------------------------------------------------------
2026-05-03 22:14:14,983 | INFO | 均线变动: MA2 变化=+1.0000, MA3 变化=+nan
2026-05-03 22:14:14,984 | INFO | ⚠️ 金叉信号: MA2 上穿 MA3
2026-05-03 22:14:14,984 | INFO | ================================================================================
2026-05-03 22:14:14,984 | INFO | 
2026-05-03 22:14:14,984 | INFO | [SHFE.rb2410] cycle=3 | close=12.00 | MA2=11.50 | MA3=11.00 | warmed_up=False | is_ready=False | curr_above=True | curr_below=False | position=0
2026-05-03 22:14:14,984 | INFO | [SHFE.rb2410] cycle=3 | MA5=11.50 | MA20=11.00 | signal=HOLD_PREV_MA_NOT_READY
2026-05-03 22:14:15,057 | INFO | [SHFE.rb2410] cycle=1 | close=20.00 | warmed_up=False | is_ready=False | position=0
2026-05-03 22:14:15,059 | INFO | [SHFE.rb2410] cycle=1 | signal=HOLD_MA_NOT_READY
2026-05-03 22:14:15,059 | INFO | [SHFE.rb2410] cycle=2 | close=15.00 | warmed_up=False | is_ready=False | position=0
2026-05-03 22:14:15,059 | INFO | [SHFE.rb2410] cycle=2 | signal=HOLD_MA_NOT_READY
2026-05-03 22:14:15,060 | INFO | 
2026-05-03 22:14:15,060 | INFO | ================================================================================
2026-05-03 22:14:15,062 | INFO | [均线轨迹追踪] cycle=3 - 最近3根K线
2026-05-03 22:14:15,062 | INFO | --------------------------------------------------------------------------------
2026-05-03 22:14:15,062 | INFO | 周期       收盘价          MA2             MA3             状态        
2026-05-03 22:14:15,062 | INFO | --------------------------------------------------------------------------------
2026-05-03 22:14:15,062 | INFO | 1        20.00        nan             nan             交叉        
2026-05-03 22:14:15,062 | INFO | 2        15.00        17.50           nan             交叉        
2026-05-03 22:14:15,062 | INFO | 3        18.00        16.50           17.67           空头排列       <-- 当前
2026-05-03 22:14:15,062 | INFO | --------------------------------------------------------------------------------
2026-05-03 22:14:15,062 | INFO | 均线变动: MA2 变化=-1.0000, MA3 变化=+nan
2026-05-03 22:14:15,062 | INFO | ================================================================================
2026-05-03 22:14:15,062 | INFO | 
2026-05-03 22:14:15,064 | INFO | [SHFE.rb2410] cycle=3 | close=18.00 | MA2=16.50 | MA3=17.67 | warmed_up=False | is_ready=False | curr_above=False | curr_below=True | position=0
2026-05-03 22:14:15,064 | INFO | [SHFE.rb2410] cycle=3 | MA5=16.50 | MA20=17.67 | signal=HOLD_PREV_MA_NOT_READY
2026-05-03 22:14:15,066 | INFO | 
2026-05-03 22:14:15,066 | INFO | ================================================================================
2026-05-03 22:14:15,066 | INFO | [均线轨迹追踪] cycle=4 - 最近4根K线
2026-05-03 22:14:15,066 | INFO | --------------------------------------------------------------------------------
2026-05-03 22:14:15,066 | INFO | 周期       收盘价          MA2             MA3             状态        
2026-05-03 22:14:15,066 | INFO | --------------------------------------------------------------------------------
2026-05-03 22:14:15,067 | INFO | 1        20.00        nan             nan             交叉        
2026-05-03 22:14:15,067 | INFO | 2        15.00        17.50           nan             交叉        
2026-05-03 22:14:15,067 | INFO | 3        18.00        16.50           17.67           空头排列      
2026-05-03 22:14:15,067 | INFO | 4        25.00        21.50           19.33           多头排列       <-- 当前
2026-05-03 22:14:15,067 | INFO | --------------------------------------------------------------------------------
2026-05-03 22:14:15,067 | INFO | 均线变动: MA2 变化=+5.0000, MA3 变化=+1.6667
2026-05-03 22:14:15,067 | INFO | ⚠️ 金叉信号: MA2 上穿 MA3
2026-05-03 22:14:15,067 | INFO | ================================================================================
2026-05-03 22:14:15,067 | INFO | 
2026-05-03 22:14:15,067 | INFO | [SHFE.rb2410] cycle=4 | close=25.00 | MA2=21.50 | prev_MA2=16.50 | MA3=19.33 | prev_MA3=17.67 | warmed_up=False | is_ready=False | prev_above=False | curr_above=True | prev_below=True | curr_below=False | position=0
2026-05-03 22:14:15,067 | INFO | [SHFE.rb2410] cycle=4 | MA5=21.50 | prev_MA5=16.50 | MA20=19.33 | prev_MA20=17.67 | prev_above=False | curr_above=True | prev_below=True | curr_below=False | signal=GOLDEN_CROSS
