2026-04-25 15:00:41 - RealtimeMain - INFO - 正在初始化实时交易系统...
2026-04-25 15:00:41 - RealtimeMain - INFO - 正在连接天勤 API...
2026-04-25 15:00:41 - TqConnector - WARNING - ============================================================
2026-04-25 15:00:41 - TqConnector - WARNING - 未配置天勤账户凭证，将使用 TqSim 本地匿名模式启动
2026-04-25 15:00:41 - TqConnector - WARNING - 
2026-04-25 15:00:41 - TqConnector - WARNING - 提示: 匿名模式下只能使用本地模拟交易，
2026-04-25 15:00:41 - TqConnector - WARNING -       无法获取实时行情数据（可能需要手动构造测试数据）
2026-04-25 15:00:41 - TqConnector - WARNING - 
2026-04-25 15:00:41 - TqConnector - WARNING - 如需获取实时行情，请：
2026-04-25 15:00:41 - TqConnector - WARNING - 1. 访问 https://account.shinnytech.com/ 注册天勤账户
2026-04-25 15:00:41 - TqConnector - WARNING - 2. 创建配置文件 config/local_credentials.yaml:
2026-04-25 15:00:41 - TqConnector - WARNING -    tq_account: 你的天勤账号
2026-04-25 15:00:41 - TqConnector - WARNING -    tq_password: 你的天勤密码
2026-04-25 15:00:41 - TqConnector - WARNING - ============================================================
2026-04-25 15:00:41 - TqConnector - INFO - 使用本地模拟账户模式 (TqSim)，初始资金: 10000000.0
2026-04-25 15:00:41 - TqConnector - INFO - [1/3] 正在连接天勤 API，环境模式: sim (模拟模式)
2026-04-25 15:00:41 - TqConnector - INFO - 使用匿名模式 (无 auth) 连接 TqSim
2026-04-25 15:00:41 - urllib3.connectionpool - DEBUG - Starting new HTTPS connection (1): shinny-tqsdk.oss-cn-shanghai.aliyuncs.com:443
2026-04-25 15:00:42 - urllib3.connectionpool - DEBUG - https://shinny-tqsdk.oss-cn-shanghai.aliyuncs.com:443 "GET /tqsdk_metadata.json HTTP/1.1" 200 55
2026-04-25 15:00:42 - TqApi - DEBUG - process start
2026-04-25 15:00:42 - TqConnector - ERROR - [1/3] 权限验证失败: 请输入 auth （快期账户）参数，快期账户是使用 tqsdk 的前提，如果没有请点击注册，注册地址：https://account.shinnytech.com/。
2026-04-25 15:00:42 - TqConnector - ERROR - 请检查 TQ_ACCOUNT 和 TQ_PASSWORD 环境变量是否正确
2026-04-25 15:00:42 - TqConnector - ERROR - 如果没有天勤账户，请访问 https://account.shinnytech.com/ 注册
2026-04-25 15:00:42 - TqConnector - INFO - 指数退避等待 2 秒后进行第 2 次重试...
2026-04-25 15:00:44 - TqConnector - INFO - 使用本地模拟账户模式 (TqSim)，初始资金: 10000000.0
2026-04-25 15:00:44 - TqConnector - INFO - [2/3] 正在连接天勤 API，环境模式: sim (模拟模式)
2026-04-25 15:00:44 - TqConnector - INFO - 使用匿名模式 (无 auth) 连接 TqSim
2026-04-25 15:00:44 - TqApi - DEBUG - process start
2026-04-25 15:00:44 - TqConnector - ERROR - [2/3] 权限验证失败: 请输入 auth （快期账户）参数，快期账户是使用 tqsdk 的前提，如果没有请点击注册，注册地址：https://account.shinnytech.com/。
2026-04-25 15:00:44 - TqConnector - ERROR - 请检查 TQ_ACCOUNT 和 TQ_PASSWORD 环境变量是否正确
2026-04-25 15:00:44 - TqConnector - ERROR - 如果没有天勤账户，请访问 https://account.shinnytech.com/ 注册
2026-04-25 15:00:44 - TqConnector - INFO - 指数退避等待 4 秒后进行第 3 次重试...
2026-04-25 15:00:48 - TqConnector - INFO - 使用本地模拟账户模式 (TqSim)，初始资金: 10000000.0
2026-04-25 15:00:48 - TqConnector - INFO - [3/3] 正在连接天勤 API，环境模式: sim (模拟模式)
2026-04-25 15:00:48 - TqConnector - INFO - 使用匿名模式 (无 auth) 连接 TqSim
2026-04-25 15:00:48 - TqApi - DEBUG - process start
2026-04-25 15:00:48 - TqConnector - ERROR - [3/3] 权限验证失败: 请输入 auth （快期账户）参数，快期账户是使用 tqsdk 的前提，如果没有请点击注册，注册地址：https://account.shinnytech.com/。
2026-04-25 15:00:48 - TqConnector - ERROR - 请检查 TQ_ACCOUNT 和 TQ_PASSWORD 环境变量是否正确
2026-04-25 15:00:48 - TqConnector - ERROR - 如果没有天勤账户，请访问 https://account.shinnytech.com/ 注册
2026-04-25 15:00:48 - TqConnector - FATAL - 连接失败，已尝试 3 次，最后错误: 请输入 auth （快期账户）参数，快期账户是使用 tqsdk 的前提，如果没有请点击注册，注册地址：https://account.shinnytech.com/。
2026-04-25 15:00:48 - RealtimeMain - ERROR - 系统运行出错: 连接失败，已尝试 3 次，最后错误: 请输入 auth （快期账户）参数，快期账户是使用 tqsdk 的前提，如果没有请点击注册，注册地址：https://account.shinnytech.com/。
Traceback (most recent call last):
  File "D:\workspace\Trae\Futures-trading-Tqsdk\core\connection.py", line 289, in connect
    self.api = TqApi(account=trading_account)
               ^^^^^^^^^^^^^^^^^^^^^^^^^^^^^^
  File "C:\Users\Administrator\AppData\Roaming\Python\Python312\site-packages\tqsdk\api.py", line 300, in __init__
    self._setup_connection()  # 初始化通讯连接
    ^^^^^^^^^^^^^^^^^^^^^^^^
  File "C:\Users\Administrator\AppData\Roaming\Python\Python312\site-packages\tqsdk\api.py", line 3538, in _setup_connection
    raise Exception("请输入 auth （快期账户）参数，快期账户是使用 tqsdk 的前提，如果没有请点击注册，注册地址：https://account.shinnytech.com/。")
Exception: 请输入 auth （快期账户）参数，快期账户是使用 tqsdk 的前提，如果没有请点击注册，注册地址：https://account.shinnytech.com/。

The above exception was the direct cause of the following exception:

Traceback (most recent call last):
  File "D:\workspace\Trae\Futures-trading-Tqsdk\run_realtime.py", line 66, in main
    api = connector.connect()
          ^^^^^^^^^^^^^^^^^^^
  File "D:\workspace\Trae\Futures-trading-Tqsdk\core\connection.py", line 329, in connect
    raise ConnectionError(final_msg) from last_exception
ConnectionError: 连接失败，已尝试 3 次，最后错误: 请输入 auth （快期账户）参数，快期账户是使用 tqsdk 的前提，如果没有请点击注册，注册地址：https://account.shinnytech.com/。
2026-04-25 15:00:48 - RealtimeMain - INFO - 天勤 API 连接已断开
2026-04-25 15:00:48 - RealtimeMain - INFO - 实时交易系统已停止
2026-04-25 15:03:52 - RealtimeMain - INFO - 正在初始化实时交易系统...
2026-04-25 15:03:52 - RealtimeMain - INFO - 正在连接天勤 API...
2026-04-25 15:03:52 - TqConnector - WARNING - ============================================================
2026-04-25 15:03:52 - TqConnector - WARNING - 未配置天勤账户凭证，将使用 TqSim 本地匿名模式启动
2026-04-25 15:03:52 - TqConnector - WARNING - 
2026-04-25 15:03:52 - TqConnector - WARNING - 提示: 匿名模式下只能使用本地模拟交易，
2026-04-25 15:03:52 - TqConnector - WARNING -       无法获取实时行情数据（可能需要手动构造测试数据）
2026-04-25 15:03:52 - TqConnector - WARNING - 
2026-04-25 15:03:52 - TqConnector - WARNING - 如需获取实时行情，请：
2026-04-25 15:03:52 - TqConnector - WARNING - 1. 访问 https://account.shinnytech.com/ 注册天勤账户
2026-04-25 15:03:52 - TqConnector - WARNING - 2. 创建配置文件 config/local_credentials.yaml:
2026-04-25 15:03:52 - TqConnector - WARNING -    tq_account: 你的天勤账号
2026-04-25 15:03:52 - TqConnector - WARNING -    tq_password: 你的天勤密码
2026-04-25 15:03:52 - TqConnector - WARNING - ============================================================
2026-04-25 15:03:52 - TqConnector - INFO - 使用本地模拟账户模式 (TqSim)，初始资金: 10000000.0
2026-04-25 15:03:52 - TqConnector - INFO - [1/3] 正在连接天勤 API，环境模式: sim (模拟模式)
2026-04-25 15:03:52 - TqConnector - INFO - 使用匿名模式 (无 auth) 连接 TqSim
2026-04-25 15:03:52 - urllib3.connectionpool - DEBUG - Starting new HTTPS connection (1): shinny-tqsdk.oss-cn-shanghai.aliyuncs.com:443
2026-04-25 15:03:52 - urllib3.connectionpool - DEBUG - https://shinny-tqsdk.oss-cn-shanghai.aliyuncs.com:443 "GET /tqsdk_metadata.json HTTP/1.1" 200 55
2026-04-25 15:03:52 - TqApi - DEBUG - process start
2026-04-25 15:03:52 - TqConnector - ERROR - [1/3] 权限验证失败: 请输入 auth （快期账户）参数，快期账户是使用 tqsdk 的前提，如果没有请点击注册，注册地址：https://account.shinnytech.com/。
2026-04-25 15:03:52 - TqConnector - ERROR - 请检查 TQ_ACCOUNT 和 TQ_PASSWORD 环境变量是否正确
2026-04-25 15:03:52 - TqConnector - ERROR - 如果没有天勤账户，请访问 https://account.shinnytech.com/ 注册
2026-04-25 15:03:52 - TqConnector - INFO - 指数退避等待 2 秒后进行第 2 次重试...
2026-04-25 15:03:54 - TqConnector - INFO - 使用本地模拟账户模式 (TqSim)，初始资金: 10000000.0
2026-04-25 15:03:54 - TqConnector - INFO - [2/3] 正在连接天勤 API，环境模式: sim (模拟模式)
2026-04-25 15:03:54 - TqConnector - INFO - 使用匿名模式 (无 auth) 连接 TqSim
2026-04-25 15:03:54 - TqApi - DEBUG - process start
2026-04-25 15:03:54 - TqConnector - ERROR - [2/3] 权限验证失败: 请输入 auth （快期账户）参数，快期账户是使用 tqsdk 的前提，如果没有请点击注册，注册地址：https://account.shinnytech.com/。
2026-04-25 15:03:54 - TqConnector - ERROR - 请检查 TQ_ACCOUNT 和 TQ_PASSWORD 环境变量是否正确
2026-04-25 15:03:54 - TqConnector - ERROR - 如果没有天勤账户，请访问 https://account.shinnytech.com/ 注册
2026-04-25 15:03:54 - TqConnector - INFO - 指数退避等待 4 秒后进行第 3 次重试...
2026-04-25 15:03:58 - TqConnector - INFO - 使用本地模拟账户模式 (TqSim)，初始资金: 10000000.0
2026-04-25 15:03:58 - TqConnector - INFO - [3/3] 正在连接天勤 API，环境模式: sim (模拟模式)
2026-04-25 15:03:58 - TqConnector - INFO - 使用匿名模式 (无 auth) 连接 TqSim
2026-04-25 15:03:58 - TqApi - DEBUG - process start
2026-04-25 15:03:58 - TqConnector - ERROR - [3/3] 权限验证失败: 请输入 auth （快期账户）参数，快期账户是使用 tqsdk 的前提，如果没有请点击注册，注册地址：https://account.shinnytech.com/。
2026-04-25 15:03:58 - TqConnector - ERROR - 请检查 TQ_ACCOUNT 和 TQ_PASSWORD 环境变量是否正确
2026-04-25 15:03:58 - TqConnector - ERROR - 如果没有天勤账户，请访问 https://account.shinnytech.com/ 注册
2026-04-25 15:03:58 - TqConnector - FATAL - 连接失败，已尝试 3 次，最后错误: 请输入 auth （快期账户）参数，快期账户是使用 tqsdk 的前提，如果没有请点击注册，注册地址：https://account.shinnytech.com/。
2026-04-25 15:03:58 - RealtimeMain - ERROR - 系统运行出错: 连接失败，已尝试 3 次，最后错误: 请输入 auth （快期账户）参数，快期账户是使用 tqsdk 的前提，如果没有请点击注册，注册地址：https://account.shinnytech.com/。
Traceback (most recent call last):
  File "D:\workspace\Trae\Futures-trading-Tqsdk\core\connection.py", line 289, in connect
    self.api = TqApi(account=trading_account)
               ^^^^^^^^^^^^^^^^^^^^^^^^^^^^^^
  File "C:\Users\Administrator\AppData\Roaming\Python\Python312\site-packages\tqsdk\api.py", line 300, in __init__
    self._setup_connection()  # 初始化通讯连接
    ^^^^^^^^^^^^^^^^^^^^^^^^
  File "C:\Users\Administrator\AppData\Roaming\Python\Python312\site-packages\tqsdk\api.py", line 3538, in _setup_connection
    raise Exception("请输入 auth （快期账户）参数，快期账户是使用 tqsdk 的前提，如果没有请点击注册，注册地址：https://account.shinnytech.com/。")
Exception: 请输入 auth （快期账户）参数，快期账户是使用 tqsdk 的前提，如果没有请点击注册，注册地址：https://account.shinnytech.com/。

The above exception was the direct cause of the following exception:

Traceback (most recent call last):
  File "D:\workspace\Trae\Futures-trading-Tqsdk\run_realtime.py", line 66, in main
    api = connector.connect()
          ^^^^^^^^^^^^^^^^^^^
  File "D:\workspace\Trae\Futures-trading-Tqsdk\core\connection.py", line 329, in connect
    raise ConnectionError(final_msg) from last_exception
ConnectionError: 连接失败，已尝试 3 次，最后错误: 请输入 auth （快期账户）参数，快期账户是使用 tqsdk 的前提，如果没有请点击注册，注册地址：https://account.shinnytech.com/。
2026-04-25 15:03:58 - RealtimeMain - INFO - 天勤 API 连接已断开
2026-04-25 15:03:58 - RealtimeMain - INFO - 实时交易系统已停止
