[2026-04-25 10:55:13] [risk_manager] [WARNING] 🚧 [PRICE_DEVIATION_BLOCKED] 订单价格偏离拦截: 价格偏离超过阈值: 偏离 1.43% > 阈值 1.0%
[2026-04-25 10:55:13] [risk_manager] [WARNING] 💸 [DAILY_LOSS_EXCEEDED] 日亏损接近限额: 当前亏损 1.50%
[2026-04-25 10:55:13] [risk_manager] [CRITICAL] 💸 [DAILY_LOSS_EXCEEDED] 日亏损超过限额: 当前亏损 2.00% > 限额 2.0%
[2026-04-25 10:55:13] [risk_manager] [CRITICAL]    详情: {"daily_start_equity": 1000000.0, "current_equity": 980000.0, "daily_loss_amount": 20000.0, "daily_loss_percent": 2.0, "limit_percent": 2.0}
[2026-04-25 10:55:13] [risk_manager] [CRITICAL] [RiskManager] 
    ╔══════════════════════════════════════════════════════════════╗
    ║  🔥🔥🔥🔥🔥🔥🔥🔥🔥🔥🔥🔥🔥🔥🔥🔥🔥🔥🔥🔥🔥🔥🔥🔥🔥  ║
    ║                                                                ║
    ║     ⚠️  系 统 风 控 熔 断 触 发  ⚠️     ║
    ║                                                                ║
    ║  🔥🔥🔥🔥🔥🔥🔥🔥🔥🔥🔥🔥🔥🔥🔥🔥🔥🔥🔥🔥🔥🔥🔥🔥🔥  ║
    ╚══════════════════════════════════════════════════════════════╝
    
[2026-04-25 10:55:13] [risk_manager] [CRITICAL] 📉 [DRAWDOWN_EXCEEDED] 系统冻结: 日亏损超过 2.0%
[2026-04-25 10:55:13] [risk_manager] [CRITICAL]    详情: {"reason": "日亏损超过 2.0%", "timestamp": 1777085713.4569693}
[2026-04-25 10:55:13] [risk_manager] [CRITICAL] 💸 [DAILY_LOSS_EXCEEDED] 日亏损超过限额: 当前亏损 3.00% > 限额 2.0%
[2026-04-25 10:55:13] [risk_manager] [CRITICAL]    详情: {"daily_start_equity": 1000000.0, "current_equity": 970000.0, "daily_loss_amount": 30000.0, "daily_loss_percent": 3.0, "limit_percent": 2.0}
[2026-04-25 10:55:13] [risk_manager] [CRITICAL] [RiskManager] 
    ╔══════════════════════════════════════════════════════════════╗
    ║  🔥🔥🔥🔥🔥🔥🔥🔥🔥🔥🔥🔥🔥🔥🔥🔥🔥🔥🔥🔥🔥🔥🔥🔥🔥  ║
    ║                                                                ║
    ║     ⚠️  系 统 风 控 熔 断 触 发  ⚠️     ║
    ║                                                                ║
    ║  🔥🔥🔥🔥🔥🔥🔥🔥🔥🔥🔥🔥🔥🔥🔥🔥🔥🔥🔥🔥🔥🔥🔥🔥🔥  ║
    ╚══════════════════════════════════════════════════════════════╝
    
[2026-04-25 10:55:13] [risk_manager] [CRITICAL] 📉 [DRAWDOWN_EXCEEDED] 系统冻结: 日亏损超过 2.0%
[2026-04-25 10:55:13] [risk_manager] [CRITICAL]    详情: {"reason": "日亏损超过 2.0%", "timestamp": 1777085713.4595633}
[2026-04-25 10:55:13] [risk_manager] [INFO] 🔴 📉 [POSITION_CLOSED] 策略: TestStrategy | 合约: SHFE.rb2410 | 方向: SELL | 数量: 1 | 价格: 3490.00 | PnL: -1,000.00
[2026-04-25 10:55:13] [risk_manager] [INFO] 🔴 📉 [POSITION_CLOSED] 策略: TestStrategy | 合约: SHFE.rb2410 | 方向: SELL | 数量: 1 | 价格: 3480.00 | PnL: -2,000.00
[2026-04-25 10:55:13] [risk_manager] [INFO] 🔴 📉 [POSITION_CLOSED] 策略: TestStrategy | 合约: SHFE.rb2410 | 方向: SELL | 数量: 1 | 价格: 3470.00 | PnL: -3,000.00
[2026-04-25 10:55:13] [risk_manager] [INFO] 🔴 📉 [POSITION_CLOSED] 策略: TestStrategy | 合约: SHFE.rb2410 | 方向: SELL | 数量: 1 | 价格: 3460.00 | PnL: -4,000.00
[2026-04-25 10:55:13] [risk_manager] [INFO] 🔴 📉 [POSITION_CLOSED] 策略: TestStrategy | 合约: SHFE.rb2410 | 方向: SELL | 数量: 1 | 价格: 3450.00 | PnL: -5,000.00
[2026-04-25 10:55:13] [risk_manager] [WARNING] 📉📉📉 [CONSECUTIVE_LOSS_EXCEEDED] 策略 [TestStrategy] 连续亏损 5 次，超过限制 5 次
[2026-04-25 10:55:13] [risk_manager] [WARNING] ⏸️ [STRATEGY_PAUSED] 策略 [TestStrategy] 已暂停
[2026-04-25 10:55:13] [risk_manager] [INFO] 🔴 📉 [POSITION_CLOSED] 策略: TestStrategy | 合约: SHFE.rb2410 | 方向: SELL | 数量: 1 | 价格: 3440.00 | PnL: -6,000.00
[2026-04-25 10:55:13] [risk_manager] [WARNING] 📉📉📉 [CONSECUTIVE_LOSS_EXCEEDED] 策略 [TestStrategy] 连续亏损 6 次，超过限制 5 次
[2026-04-25 10:55:13] [risk_manager] [WARNING] ⏸️ [STRATEGY_PAUSED] 策略 [TestStrategy] 已暂停
[2026-04-25 10:55:13] [risk_manager] [INFO] 🔴 📉 [POSITION_CLOSED] 策略: TestStrategy | 合约: SHFE.rb2410 | 方向: SELL | 数量: 1 | 价格: 3430.00 | PnL: -7,000.00
[2026-04-25 10:55:13] [risk_manager] [WARNING] 📉📉📉 [CONSECUTIVE_LOSS_EXCEEDED] 策略 [TestStrategy] 连续亏损 7 次，超过限制 5 次
[2026-04-25 10:55:13] [risk_manager] [WARNING] ⏸️ [STRATEGY_PAUSED] 策略 [TestStrategy] 已暂停
[2026-04-25 10:55:13] [risk_manager] [INFO] [RiskManager] 策略 [TestStrategy] 已恢复交易
[2026-04-25 10:55:13] [risk_manager] [INFO] 🔴 📉 [POSITION_CLOSED] 策略: TestStrategy | 合约: SHFE.rb2410 | 方向: SELL | 数量: 1 | 价格: 3500.00 | PnL: -1,000.00
[2026-04-25 10:55:13] [risk_manager] [INFO] 
╔══════════════════════════════════════════════════════════════════════════════╗
║                        📊 风 控 体 检 报 告                                      ║
╠══════════════════════════════════════════════════════════════════════════════╣
║  生成时间: 2026-04-25 10:55:13                                                ║
║  当前状态: 🟢 SAFE | 🆓 正常运行                                    ║
╠══════════════════════════════════════════════════════════════════════════════╣
║                                                                                  ║
║  ┌──────────────── 订单与风控统计 ────────────────┐                             ║
║  │  总撤单数:                     3 笔                    │                             ║
║  │  风控拦截订单数:               2 笔                    │                             ║
║  │  总风险事件数:                 0 次                    │                             ║
║  │  严重风险事件数:               0 次                    │                             ║
║  └──────────────────────────────────────────────────┘                             ║
║                                                                                  ║
║  ┌──────────────── 盈亏与回撤统计 ────────────────┐                             ║
║  │  峰值权益:                 1,000,000.00                         │                             ║
║  │  当前权益:                         0.00                         │                             ║
║  │  当前回撤:                      0.00%                         │                             ║
║  │  最大单笔回撤:                50,000.00                         │                             ║
║  │  最大单笔回撤(%):               5.00%                         │                             ║
║  │  当日亏损金额:             1,000,000.00                         │                             ║
║  │  当日亏损比例:                100.00%                         │                             ║
║  └──────────────────────────────────────────────────┘                             ║
║                                                                                  ║
║  ┌──────────────── 交易与连胜统计 ────────────────┐                             ║
║  │  总交易次数:                  16 次                    │                             ║
║  │  盈利交易:                     8 次                    │                             ║
║  │  亏损交易:                     8 次                    │                             ║
║  │  当前连续亏损:                 1 次                    │                             ║
║  │  最大连续亏损:                 4 次                    │                             ║
║  └──────────────────────────────────────────────────┘                             ║
║                                                                                  ║
╚══════════════════════════════════════════════════════════════════════════════╝

[2026-04-25 10:55:13] [risk_manager] [WARNING] 🚧 [PRICE_DEVIATION_BLOCKED] 订单价格偏离拦截: 价格偏离超过阈值: 偏离 5.71% > 阈值 1.0%
[2026-04-25 10:55:13] [risk_manager] [INFO] 🔴 📉 [POSITION_CLOSED] 策略: AggressiveStrategy | 合约: SHFE.rb2410 | 方向: SELL | 数量: 10 | 价格: 3450.00 | PnL: -5,000.00
[2026-04-25 10:55:13] [risk_manager] [INFO] 🔴 📉 [POSITION_CLOSED] 策略: AggressiveStrategy | 合约: SHFE.rb2410 | 方向: SELL | 数量: 10 | 价格: 3400.00 | PnL: -10,000.00
[2026-04-25 10:55:13] [risk_manager] [INFO] 🔴 📉 [POSITION_CLOSED] 策略: AggressiveStrategy | 合约: SHFE.rb2410 | 方向: SELL | 数量: 10 | 价格: 3350.00 | PnL: -15,000.00
[2026-04-25 10:55:13] [risk_manager] [WARNING] 📉📉📉 [CONSECUTIVE_LOSS_EXCEEDED] 策略 [AggressiveStrategy] 连续亏损 3 次，超过限制 3 次
[2026-04-25 10:55:13] [risk_manager] [WARNING] ⏸️ [STRATEGY_PAUSED] 策略 [AggressiveStrategy] 已暂停
[2026-04-25 10:55:13] [risk_manager] [CRITICAL] 💸 [DAILY_LOSS_EXCEEDED] 日亏损超过限额: 当前亏损 3.00% > 限额 2.0%
[2026-04-25 10:55:13] [risk_manager] [CRITICAL]    详情: {"daily_start_equity": 1000000.0, "current_equity": 970000.0, "daily_loss_amount": 30000.0, "daily_loss_percent": 3.0, "limit_percent": 2.0}
[2026-04-25 10:55:13] [risk_manager] [CRITICAL] [RiskManager] 
    ╔══════════════════════════════════════════════════════════════╗
    ║  🔥🔥🔥🔥🔥🔥🔥🔥🔥🔥🔥🔥🔥🔥🔥🔥🔥🔥🔥🔥🔥🔥🔥🔥🔥  ║
    ║                                                                ║
    ║     ⚠️  系 统 风 控 熔 断 触 发  ⚠️     ║
    ║                                                                ║
    ║  🔥🔥🔥🔥🔥🔥🔥🔥🔥🔥🔥🔥🔥🔥🔥🔥🔥🔥🔥🔥🔥🔥🔥🔥🔥  ║
    ╚══════════════════════════════════════════════════════════════╝
    
[2026-04-25 10:55:13] [risk_manager] [CRITICAL] 📉 [DRAWDOWN_EXCEEDED] 系统冻结: 日亏损超过 2.0%
[2026-04-25 10:55:13] [risk_manager] [CRITICAL]    详情: {"reason": "日亏损超过 2.0%", "timestamp": 1777085713.478417}
[2026-04-25 10:55:13] [risk_manager] [INFO] 
╔══════════════════════════════════════════════════════════════════════════════╗
║                        📊 风 控 体 检 报 告                                      ║
╠══════════════════════════════════════════════════════════════════════════════╣
║  生成时间: 2026-04-25 10:55:13                                                ║
║  当前状态: 🔴 FROZEN | 🔒 已冻结                                    ║
╠══════════════════════════════════════════════════════════════════════════════╣
║                                                                                  ║
║  ┌──────────────── 订单与风控统计 ────────────────┐                             ║
║  │  总撤单数:                     0 笔                    │                             ║
║  │  风控拦截订单数:               0 笔                    │                             ║
║  │  总风险事件数:                 1 次                    │                             ║
║  │  严重风险事件数:               1 次                    │                             ║
║  └──────────────────────────────────────────────────┘                             ║
║                                                                                  ║
║  ┌──────────────── 盈亏与回撤统计 ────────────────┐                             ║
║  │  峰值权益:                 1,000,000.00                         │                             ║
║  │  当前权益:                         0.00                         │                             ║
║  │  当前回撤:                      0.00%                         │                             ║
║  │  最大单笔回撤:                     0.00                         │                             ║
║  │  最大单笔回撤(%):               0.00%                         │                             ║
║  │  当日亏损金额:             1,000,000.00                         │                             ║
║  │  当日亏损比例:                100.00%                         │                             ║
║  └──────────────────────────────────────────────────┘                             ║
║                                                                                  ║
║  ┌──────────────── 交易与连胜统计 ────────────────┐                             ║
║  │  总交易次数:                   0 次                    │                             ║
║  │  盈利交易:                     0 次                    │                             ║
║  │  亏损交易:                     0 次                    │                             ║
║  │  当前连续亏损:                 0 次                    │                             ║
║  │  最大连续亏损:                 0 次                    │                             ║
║  └──────────────────────────────────────────────────┘                             ║
║                                                                                  ║
║  ┌──────────────── 🔴 冻结原因 ──────────────────┐                             ║
║  │  日亏损超过 2.0%                                                    │                             ║
║  └──────────────────────────────────────────────────┘                             ║
║                                                                                  ║
╚══════════════════════════════════════════════════════════════════════════════╝

[2026-04-25 10:55:39] [risk_manager] [CRITICAL] [RiskManager] 
    ╔══════════════════════════════════════════════════════════════╗
    ║  🔥🔥🔥🔥🔥🔥🔥🔥🔥🔥🔥🔥🔥🔥🔥🔥🔥🔥🔥🔥🔥🔥🔥🔥🔥  ║
    ║                                                                ║
    ║     ⚠️  系 统 风 控 熔 断 触 发  ⚠️     ║
    ║                                                                ║
    ║  🔥🔥🔥🔥🔥🔥🔥🔥🔥🔥🔥🔥🔥🔥🔥🔥🔥🔥🔥🔥🔥🔥🔥🔥🔥  ║
    ╚══════════════════════════════════════════════════════════════╝
    
[2026-04-25 10:55:39] [risk_manager] [CRITICAL] 📉 [DRAWDOWN_EXCEEDED] 系统冻结: 测试冻结原因
[2026-04-25 10:55:39] [risk_manager] [CRITICAL]    详情: {"reason": "测试冻结原因", "timestamp": 1777085739.2793975}
[2026-04-25 10:55:39] [risk_manager] [WARNING] 📉 [DRAWDOWN_EXCEEDED] 净值回撤接近阈值: 当前回撤 3.50%
[2026-04-25 10:55:39] [risk_manager] [CRITICAL] 📉 [DRAWDOWN_EXCEEDED] 净值回撤超过阈值: 当前回撤 6.00% > 阈值 5.0%
[2026-04-25 10:55:39] [risk_manager] [CRITICAL]    详情: {"peak_equity": 1000000.0, "current_equity": 940000.0, "drawdown_percent": 6.0, "threshold_percent": 5.0}
[2026-04-25 10:55:39] [risk_manager] [CRITICAL] [RiskManager] 
    ╔══════════════════════════════════════════════════════════════╗
    ║  🔥🔥🔥🔥🔥🔥🔥🔥🔥🔥🔥🔥🔥🔥🔥🔥🔥🔥🔥🔥🔥🔥🔥🔥🔥  ║
    ║                                                                ║
    ║     ⚠️  系 统 风 控 熔 断 触 发  ⚠️     ║
    ║                                                                ║
    ║  🔥🔥🔥🔥🔥🔥🔥🔥🔥🔥🔥🔥🔥🔥🔥🔥🔥🔥🔥🔥🔥🔥🔥🔥🔥  ║
    ╚══════════════════════════════════════════════════════════════╝
    
[2026-04-25 10:55:39] [risk_manager] [CRITICAL] 📉 [DRAWDOWN_EXCEEDED] 系统冻结: 净值回撤超过 5.0%
[2026-04-25 10:55:39] [risk_manager] [CRITICAL]    详情: {"reason": "净值回撤超过 5.0%", "timestamp": 1777085739.284689}
[2026-04-25 10:55:39] [risk_manager] [CRITICAL] 📉 [DRAWDOWN_EXCEEDED] 净值回撤超过阈值: 当前回撤 50.00% > 阈值 5.0%
[2026-04-25 10:55:39] [risk_manager] [CRITICAL]    详情: {"peak_equity": 1000000.0, "current_equity": 500000.0, "drawdown_percent": 50.0, "threshold_percent": 5.0}
[2026-04-25 10:55:39] [risk_manager] [CRITICAL] [RiskManager] 
    ╔══════════════════════════════════════════════════════════════╗
    ║  🔥🔥🔥🔥🔥🔥🔥🔥🔥🔥🔥🔥🔥🔥🔥🔥🔥🔥🔥🔥🔥🔥🔥🔥🔥  ║
    ║                                                                ║
    ║     ⚠️  系 统 风 控 熔 断 触 发  ⚠️     ║
    ║                                                                ║
    ║  🔥🔥🔥🔥🔥🔥🔥🔥🔥🔥🔥🔥🔥🔥🔥🔥🔥🔥🔥🔥🔥🔥🔥🔥🔥  ║
    ╚══════════════════════════════════════════════════════════════╝
    
[2026-04-25 10:55:39] [risk_manager] [CRITICAL] 📉 [DRAWDOWN_EXCEEDED] 系统冻结: 净值回撤超过 5.0%
[2026-04-25 10:55:39] [risk_manager] [CRITICAL]    详情: {"reason": "净值回撤超过 5.0%", "timestamp": 1777085739.3011584}
[2026-04-25 10:55:39] [risk_manager] [WARNING] ⚠️ [STRATEGY_MARGIN_EXCEEDED] 策略 [TestStrategy] 保证金接近阈值: 25.00%
[2026-04-25 10:55:39] [risk_manager] [CRITICAL] ⚠️ [STRATEGY_MARGIN_EXCEEDED] 策略 [TestStrategy] 保证金超过阈值: 35.00% > 30.0%
[2026-04-25 10:55:39] [risk_manager] [CRITICAL]    详情: {"strategy_name": "TestStrategy", "margin_used": 350000.0, "total_asset": 1000000.0, "margin_percent": 35.0, "threshold_percent": 30.0}
[2026-04-25 10:55:39] [risk_manager] [WARNING] ⚠️ [TOTAL_MARGIN_EXCEEDED] 总保证金接近阈值: 70.00%
[2026-04-25 10:55:39] [risk_manager] [CRITICAL] ⚠️ [TOTAL_MARGIN_EXCEEDED] 总保证金超过阈值: 90.00% > 80.0%
[2026-04-25 10:55:39] [risk_manager] [CRITICAL]    详情: {"total_margin": 900000.0, "total_asset": 1000000.0, "margin_percent": 90.0, "threshold_percent": 80.0}
[2026-04-25 10:55:39] [risk_manager] [CRITICAL] ⚠️ [STRATEGY_MARGIN_EXCEEDED] 策略 [TestStrategy] 保证金超过阈值: 35.00% > 30.0%
[2026-04-25 10:55:39] [risk_manager] [CRITICAL]    详情: {"strategy_name": "TestStrategy", "margin_used": 35000.0, "total_asset": 100000.0, "margin_percent": 35.0, "threshold_percent": 30.0}
[2026-04-25 10:55:39] [risk_manager] [CRITICAL] [RiskManager] 
    ╔══════════════════════════════════════════════════════════════╗
    ║  🔥🔥🔥🔥🔥🔥🔥🔥🔥🔥🔥🔥🔥🔥🔥🔥🔥🔥🔥🔥🔥🔥🔥🔥🔥  ║
    ║                                                                ║
    ║     ⚠️  系 统 风 控 熔 断 触 发  ⚠️     ║
    ║                                                                ║
    ║  🔥🔥🔥🔥🔥🔥🔥🔥🔥🔥🔥🔥🔥🔥🔥🔥🔥🔥🔥🔥🔥🔥🔥🔥🔥  ║
    ╚══════════════════════════════════════════════════════════════╝
    
[2026-04-25 10:55:39] [risk_manager] [CRITICAL] 📉 [DRAWDOWN_EXCEEDED] 系统冻结: 测试冻结
[2026-04-25 10:55:39] [risk_manager] [CRITICAL]    详情: {"reason": "测试冻结", "timestamp": 1777085739.320639}
[2026-04-25 10:55:39] [risk_manager] [WARNING] 📉 [DRAWDOWN_EXCEEDED] 净值回撤接近阈值: 当前回撤 3.00%
[2026-04-25 10:55:39] [risk_manager] [WARNING] 📉 [DRAWDOWN_EXCEEDED] 净值回撤接近阈值: 当前回撤 3.01%
[2026-04-25 10:55:39] [risk_manager] [WARNING] 📉 [DRAWDOWN_EXCEEDED] 净值回撤接近阈值: 当前回撤 3.02%
[2026-04-25 10:55:39] [risk_manager] [WARNING] 📉 [DRAWDOWN_EXCEEDED] 净值回撤接近阈值: 当前回撤 3.03%
[2026-04-25 10:55:39] [risk_manager] [WARNING] 📉 [DRAWDOWN_EXCEEDED] 净值回撤接近阈值: 当前回撤 3.04%
[2026-04-25 10:55:39] [risk_manager] [WARNING] 📉 [DRAWDOWN_EXCEEDED] 净值回撤接近阈值: 当前回撤 3.05%
[2026-04-25 10:55:39] [risk_manager] [WARNING] 📉 [DRAWDOWN_EXCEEDED] 净值回撤接近阈值: 当前回撤 3.06%
[2026-04-25 10:55:39] [risk_manager] [WARNING] 📉 [DRAWDOWN_EXCEEDED] 净值回撤接近阈值: 当前回撤 3.07%
[2026-04-25 10:55:39] [risk_manager] [WARNING] 📉 [DRAWDOWN_EXCEEDED] 净值回撤接近阈值: 当前回撤 3.08%
[2026-04-25 10:55:39] [risk_manager] [WARNING] 📉 [DRAWDOWN_EXCEEDED] 净值回撤接近阈值: 当前回撤 3.09%
[2026-04-25 10:55:39] [risk_manager] [WARNING] 📉 [DRAWDOWN_EXCEEDED] 净值回撤接近阈值: 当前回撤 3.10%
[2026-04-25 10:55:39] [risk_manager] [WARNING] 📉 [DRAWDOWN_EXCEEDED] 净值回撤接近阈值: 当前回撤 3.11%
[2026-04-25 10:55:39] [risk_manager] [WARNING] 📉 [DRAWDOWN_EXCEEDED] 净值回撤接近阈值: 当前回撤 3.12%
[2026-04-25 10:55:39] [risk_manager] [WARNING] 📉 [DRAWDOWN_EXCEEDED] 净值回撤接近阈值: 当前回撤 3.13%
[2026-04-25 10:55:39] [risk_manager] [WARNING] 📉 [DRAWDOWN_EXCEEDED] 净值回撤接近阈值: 当前回撤 3.14%
[2026-04-25 10:55:39] [risk_manager] [WARNING] 📉 [DRAWDOWN_EXCEEDED] 净值回撤接近阈值: 当前回撤 3.15%
[2026-04-25 10:55:39] [risk_manager] [WARNING] 📉 [DRAWDOWN_EXCEEDED] 净值回撤接近阈值: 当前回撤 3.16%
[2026-04-25 10:55:39] [risk_manager] [WARNING] 📉 [DRAWDOWN_EXCEEDED] 净值回撤接近阈值: 当前回撤 3.17%
[2026-04-25 10:55:39] [risk_manager] [WARNING] 📉 [DRAWDOWN_EXCEEDED] 净值回撤接近阈值: 当前回撤 3.18%
[2026-04-25 10:55:39] [risk_manager] [WARNING] 📉 [DRAWDOWN_EXCEEDED] 净值回撤接近阈值: 当前回撤 3.19%
[2026-04-25 10:55:39] [risk_manager] [WARNING] 📉 [DRAWDOWN_EXCEEDED] 净值回撤接近阈值: 当前回撤 3.20%
[2026-04-25 10:55:39] [risk_manager] [WARNING] 📉 [DRAWDOWN_EXCEEDED] 净值回撤接近阈值: 当前回撤 3.21%
[2026-04-25 10:55:39] [risk_manager] [WARNING] 📉 [DRAWDOWN_EXCEEDED] 净值回撤接近阈值: 当前回撤 3.22%
[2026-04-25 10:55:39] [risk_manager] [WARNING] 📉 [DRAWDOWN_EXCEEDED] 净值回撤接近阈值: 当前回撤 3.23%
[2026-04-25 10:55:39] [risk_manager] [WARNING] 📉 [DRAWDOWN_EXCEEDED] 净值回撤接近阈值: 当前回撤 3.24%
[2026-04-25 10:55:39] [risk_manager] [WARNING] 📉 [DRAWDOWN_EXCEEDED] 净值回撤接近阈值: 当前回撤 3.25%
[2026-04-25 10:55:39] [risk_manager] [WARNING] 📉 [DRAWDOWN_EXCEEDED] 净值回撤接近阈值: 当前回撤 3.26%
[2026-04-25 10:55:39] [risk_manager] [WARNING] 📉 [DRAWDOWN_EXCEEDED] 净值回撤接近阈值: 当前回撤 3.27%
[2026-04-25 10:55:39] [risk_manager] [WARNING] 📉 [DRAWDOWN_EXCEEDED] 净值回撤接近阈值: 当前回撤 3.28%
[2026-04-25 10:55:39] [risk_manager] [WARNING] 📉 [DRAWDOWN_EXCEEDED] 净值回撤接近阈值: 当前回撤 3.29%
[2026-04-25 10:55:39] [risk_manager] [WARNING] 📉 [DRAWDOWN_EXCEEDED] 净值回撤接近阈值: 当前回撤 3.30%
[2026-04-25 10:55:39] [risk_manager] [WARNING] 📉 [DRAWDOWN_EXCEEDED] 净值回撤接近阈值: 当前回撤 3.31%
[2026-04-25 10:55:39] [risk_manager] [WARNING] 📉 [DRAWDOWN_EXCEEDED] 净值回撤接近阈值: 当前回撤 3.32%
[2026-04-25 10:55:39] [risk_manager] [WARNING] 📉 [DRAWDOWN_EXCEEDED] 净值回撤接近阈值: 当前回撤 3.33%
[2026-04-25 10:55:39] [risk_manager] [WARNING] 📉 [DRAWDOWN_EXCEEDED] 净值回撤接近阈值: 当前回撤 3.34%
[2026-04-25 10:55:39] [risk_manager] [WARNING] 📉 [DRAWDOWN_EXCEEDED] 净值回撤接近阈值: 当前回撤 3.35%
[2026-04-25 10:55:39] [risk_manager] [WARNING] 📉 [DRAWDOWN_EXCEEDED] 净值回撤接近阈值: 当前回撤 3.36%
[2026-04-25 10:55:39] [risk_manager] [WARNING] 📉 [DRAWDOWN_EXCEEDED] 净值回撤接近阈值: 当前回撤 3.37%
[2026-04-25 10:55:39] [risk_manager] [WARNING] 📉 [DRAWDOWN_EXCEEDED] 净值回撤接近阈值: 当前回撤 3.38%
[2026-04-25 10:55:39] [risk_manager] [WARNING] 📉 [DRAWDOWN_EXCEEDED] 净值回撤接近阈值: 当前回撤 3.39%
[2026-04-25 10:55:39] [risk_manager] [WARNING] 📉 [DRAWDOWN_EXCEEDED] 净值回撤接近阈值: 当前回撤 3.40%
[2026-04-25 10:55:39] [risk_manager] [WARNING] 📉 [DRAWDOWN_EXCEEDED] 净值回撤接近阈值: 当前回撤 3.41%
[2026-04-25 10:55:39] [risk_manager] [WARNING] 📉 [DRAWDOWN_EXCEEDED] 净值回撤接近阈值: 当前回撤 3.42%
[2026-04-25 10:55:39] [risk_manager] [WARNING] 📉 [DRAWDOWN_EXCEEDED] 净值回撤接近阈值: 当前回撤 3.43%
[2026-04-25 10:55:39] [risk_manager] [WARNING] 📉 [DRAWDOWN_EXCEEDED] 净值回撤接近阈值: 当前回撤 3.44%
[2026-04-25 10:55:39] [risk_manager] [WARNING] 📉 [DRAWDOWN_EXCEEDED] 净值回撤接近阈值: 当前回撤 3.45%
[2026-04-25 10:55:39] [risk_manager] [WARNING] 📉 [DRAWDOWN_EXCEEDED] 净值回撤接近阈值: 当前回撤 3.46%
[2026-04-25 10:55:39] [risk_manager] [WARNING] 📉 [DRAWDOWN_EXCEEDED] 净值回撤接近阈值: 当前回撤 3.47%
[2026-04-25 10:55:39] [risk_manager] [WARNING] 📉 [DRAWDOWN_EXCEEDED] 净值回撤接近阈值: 当前回撤 3.48%
[2026-04-25 10:55:39] [risk_manager] [WARNING] 📉 [DRAWDOWN_EXCEEDED] 净值回撤接近阈值: 当前回撤 3.49%
[2026-04-25 10:55:39] [risk_manager] [WARNING] 📉 [DRAWDOWN_EXCEEDED] 净值回撤接近阈值: 当前回撤 3.50%
[2026-04-25 10:55:39] [risk_manager] [WARNING] 📉 [DRAWDOWN_EXCEEDED] 净值回撤接近阈值: 当前回撤 3.51%
[2026-04-25 10:55:39] [risk_manager] [WARNING] 📉 [DRAWDOWN_EXCEEDED] 净值回撤接近阈值: 当前回撤 3.52%
[2026-04-25 10:55:39] [risk_manager] [WARNING] 📉 [DRAWDOWN_EXCEEDED] 净值回撤接近阈值: 当前回撤 3.53%
[2026-04-25 10:55:39] [risk_manager] [WARNING] 📉 [DRAWDOWN_EXCEEDED] 净值回撤接近阈值: 当前回撤 3.54%
[2026-04-25 10:55:39] [risk_manager] [WARNING] 📉 [DRAWDOWN_EXCEEDED] 净值回撤接近阈值: 当前回撤 3.55%
[2026-04-25 10:55:39] [risk_manager] [WARNING] 📉 [DRAWDOWN_EXCEEDED] 净值回撤接近阈值: 当前回撤 3.56%
[2026-04-25 10:55:39] [risk_manager] [WARNING] 📉 [DRAWDOWN_EXCEEDED] 净值回撤接近阈值: 当前回撤 3.57%
[2026-04-25 10:55:39] [risk_manager] [WARNING] 📉 [DRAWDOWN_EXCEEDED] 净值回撤接近阈值: 当前回撤 3.58%
[2026-04-25 10:55:39] [risk_manager] [WARNING] 📉 [DRAWDOWN_EXCEEDED] 净值回撤接近阈值: 当前回撤 3.59%
[2026-04-25 10:55:39] [risk_manager] [WARNING] 📉 [DRAWDOWN_EXCEEDED] 净值回撤接近阈值: 当前回撤 3.60%
[2026-04-25 10:55:39] [risk_manager] [WARNING] 📉 [DRAWDOWN_EXCEEDED] 净值回撤接近阈值: 当前回撤 3.61%
[2026-04-25 10:55:39] [risk_manager] [WARNING] 📉 [DRAWDOWN_EXCEEDED] 净值回撤接近阈值: 当前回撤 3.62%
[2026-04-25 10:55:39] [risk_manager] [WARNING] 📉 [DRAWDOWN_EXCEEDED] 净值回撤接近阈值: 当前回撤 3.63%
[2026-04-25 10:55:39] [risk_manager] [WARNING] 📉 [DRAWDOWN_EXCEEDED] 净值回撤接近阈值: 当前回撤 3.64%
[2026-04-25 10:55:39] [risk_manager] [WARNING] 📉 [DRAWDOWN_EXCEEDED] 净值回撤接近阈值: 当前回撤 3.65%
[2026-04-25 10:55:39] [risk_manager] [WARNING] 📉 [DRAWDOWN_EXCEEDED] 净值回撤接近阈值: 当前回撤 3.66%
[2026-04-25 10:55:39] [risk_manager] [WARNING] 📉 [DRAWDOWN_EXCEEDED] 净值回撤接近阈值: 当前回撤 3.67%
[2026-04-25 10:55:39] [risk_manager] [WARNING] 📉 [DRAWDOWN_EXCEEDED] 净值回撤接近阈值: 当前回撤 3.68%
[2026-04-25 10:55:39] [risk_manager] [WARNING] 📉 [DRAWDOWN_EXCEEDED] 净值回撤接近阈值: 当前回撤 3.69%
[2026-04-25 10:55:39] [risk_manager] [WARNING] 📉 [DRAWDOWN_EXCEEDED] 净值回撤接近阈值: 当前回撤 3.70%
[2026-04-25 10:55:39] [risk_manager] [WARNING] 📉 [DRAWDOWN_EXCEEDED] 净值回撤接近阈值: 当前回撤 3.71%
[2026-04-25 10:55:39] [risk_manager] [WARNING] 📉 [DRAWDOWN_EXCEEDED] 净值回撤接近阈值: 当前回撤 3.72%
[2026-04-25 10:55:39] [risk_manager] [WARNING] 📉 [DRAWDOWN_EXCEEDED] 净值回撤接近阈值: 当前回撤 3.73%
[2026-04-25 10:55:39] [risk_manager] [WARNING] 📉 [DRAWDOWN_EXCEEDED] 净值回撤接近阈值: 当前回撤 3.74%
[2026-04-25 10:55:39] [risk_manager] [WARNING] 📉 [DRAWDOWN_EXCEEDED] 净值回撤接近阈值: 当前回撤 3.75%
[2026-04-25 10:55:39] [risk_manager] [WARNING] 📉 [DRAWDOWN_EXCEEDED] 净值回撤接近阈值: 当前回撤 3.76%
[2026-04-25 10:55:39] [risk_manager] [WARNING] 📉 [DRAWDOWN_EXCEEDED] 净值回撤接近阈值: 当前回撤 3.77%
[2026-04-25 10:55:39] [risk_manager] [WARNING] 📉 [DRAWDOWN_EXCEEDED] 净值回撤接近阈值: 当前回撤 3.78%
[2026-04-25 10:55:39] [risk_manager] [WARNING] 📉 [DRAWDOWN_EXCEEDED] 净值回撤接近阈值: 当前回撤 3.79%
[2026-04-25 10:55:39] [risk_manager] [WARNING] 📉 [DRAWDOWN_EXCEEDED] 净值回撤接近阈值: 当前回撤 3.80%
[2026-04-25 10:55:39] [risk_manager] [WARNING] 📉 [DRAWDOWN_EXCEEDED] 净值回撤接近阈值: 当前回撤 3.81%
[2026-04-25 10:55:39] [risk_manager] [WARNING] 📉 [DRAWDOWN_EXCEEDED] 净值回撤接近阈值: 当前回撤 3.82%
[2026-04-25 10:55:39] [risk_manager] [WARNING] 📉 [DRAWDOWN_EXCEEDED] 净值回撤接近阈值: 当前回撤 3.83%
[2026-04-25 10:55:39] [risk_manager] [WARNING] 📉 [DRAWDOWN_EXCEEDED] 净值回撤接近阈值: 当前回撤 3.84%
[2026-04-25 10:55:39] [risk_manager] [WARNING] 📉 [DRAWDOWN_EXCEEDED] 净值回撤接近阈值: 当前回撤 3.85%
[2026-04-25 10:55:39] [risk_manager] [WARNING] 📉 [DRAWDOWN_EXCEEDED] 净值回撤接近阈值: 当前回撤 3.86%
[2026-04-25 10:55:39] [risk_manager] [WARNING] 📉 [DRAWDOWN_EXCEEDED] 净值回撤接近阈值: 当前回撤 3.87%
[2026-04-25 10:55:39] [risk_manager] [WARNING] 📉 [DRAWDOWN_EXCEEDED] 净值回撤接近阈值: 当前回撤 3.88%
[2026-04-25 10:55:39] [risk_manager] [WARNING] 📉 [DRAWDOWN_EXCEEDED] 净值回撤接近阈值: 当前回撤 3.89%
[2026-04-25 10:55:39] [risk_manager] [WARNING] 📉 [DRAWDOWN_EXCEEDED] 净值回撤接近阈值: 当前回撤 3.90%
[2026-04-25 10:55:39] [risk_manager] [WARNING] 📉 [DRAWDOWN_EXCEEDED] 净值回撤接近阈值: 当前回撤 3.91%
[2026-04-25 10:55:39] [risk_manager] [WARNING] 📉 [DRAWDOWN_EXCEEDED] 净值回撤接近阈值: 当前回撤 3.92%
[2026-04-25 10:55:39] [risk_manager] [WARNING] 📉 [DRAWDOWN_EXCEEDED] 净值回撤接近阈值: 当前回撤 3.93%
[2026-04-25 10:55:39] [risk_manager] [WARNING] 📉 [DRAWDOWN_EXCEEDED] 净值回撤接近阈值: 当前回撤 3.94%
[2026-04-25 10:55:39] [risk_manager] [WARNING] 📉 [DRAWDOWN_EXCEEDED] 净值回撤接近阈值: 当前回撤 3.95%
[2026-04-25 10:55:39] [risk_manager] [WARNING] 📉 [DRAWDOWN_EXCEEDED] 净值回撤接近阈值: 当前回撤 3.96%
[2026-04-25 10:55:39] [risk_manager] [WARNING] 📉 [DRAWDOWN_EXCEEDED] 净值回撤接近阈值: 当前回撤 3.97%
[2026-04-25 10:55:39] [risk_manager] [WARNING] 📉 [DRAWDOWN_EXCEEDED] 净值回撤接近阈值: 当前回撤 3.98%
[2026-04-25 10:55:39] [risk_manager] [WARNING] 📉 [DRAWDOWN_EXCEEDED] 净值回撤接近阈值: 当前回撤 3.99%
[2026-04-25 10:55:39] [risk_manager] [WARNING] 📉 [DRAWDOWN_EXCEEDED] 净值回撤接近阈值: 当前回撤 4.00%
[2026-04-25 10:55:39] [risk_manager] [WARNING] 📉 [DRAWDOWN_EXCEEDED] 净值回撤接近阈值: 当前回撤 4.01%
[2026-04-25 10:55:39] [risk_manager] [WARNING] 📉 [DRAWDOWN_EXCEEDED] 净值回撤接近阈值: 当前回撤 4.02%
[2026-04-25 10:55:39] [risk_manager] [WARNING] 📉 [DRAWDOWN_EXCEEDED] 净值回撤接近阈值: 当前回撤 4.03%
[2026-04-25 10:55:39] [risk_manager] [WARNING] 📉 [DRAWDOWN_EXCEEDED] 净值回撤接近阈值: 当前回撤 4.04%
[2026-04-25 10:55:39] [risk_manager] [WARNING] 📉 [DRAWDOWN_EXCEEDED] 净值回撤接近阈值: 当前回撤 4.05%
[2026-04-25 10:55:39] [risk_manager] [WARNING] 📉 [DRAWDOWN_EXCEEDED] 净值回撤接近阈值: 当前回撤 4.06%
[2026-04-25 10:55:39] [risk_manager] [WARNING] 📉 [DRAWDOWN_EXCEEDED] 净值回撤接近阈值: 当前回撤 4.07%
[2026-04-25 10:55:39] [risk_manager] [WARNING] 📉 [DRAWDOWN_EXCEEDED] 净值回撤接近阈值: 当前回撤 4.08%
[2026-04-25 10:55:39] [risk_manager] [WARNING] 📉 [DRAWDOWN_EXCEEDED] 净值回撤接近阈值: 当前回撤 4.09%
[2026-04-25 10:55:39] [risk_manager] [WARNING] 📉 [DRAWDOWN_EXCEEDED] 净值回撤接近阈值: 当前回撤 4.10%
[2026-04-25 10:55:39] [risk_manager] [WARNING] 📉 [DRAWDOWN_EXCEEDED] 净值回撤接近阈值: 当前回撤 4.11%
[2026-04-25 10:55:39] [risk_manager] [WARNING] 📉 [DRAWDOWN_EXCEEDED] 净值回撤接近阈值: 当前回撤 4.12%
[2026-04-25 10:55:39] [risk_manager] [WARNING] 📉 [DRAWDOWN_EXCEEDED] 净值回撤接近阈值: 当前回撤 4.13%
[2026-04-25 10:55:39] [risk_manager] [WARNING] 📉 [DRAWDOWN_EXCEEDED] 净值回撤接近阈值: 当前回撤 4.14%
[2026-04-25 10:55:39] [risk_manager] [WARNING] 📉 [DRAWDOWN_EXCEEDED] 净值回撤接近阈值: 当前回撤 4.15%
[2026-04-25 10:55:39] [risk_manager] [WARNING] 📉 [DRAWDOWN_EXCEEDED] 净值回撤接近阈值: 当前回撤 4.16%
[2026-04-25 10:55:39] [risk_manager] [WARNING] 📉 [DRAWDOWN_EXCEEDED] 净值回撤接近阈值: 当前回撤 4.17%
[2026-04-25 10:55:39] [risk_manager] [WARNING] 📉 [DRAWDOWN_EXCEEDED] 净值回撤接近阈值: 当前回撤 4.18%
[2026-04-25 10:55:39] [risk_manager] [WARNING] 📉 [DRAWDOWN_EXCEEDED] 净值回撤接近阈值: 当前回撤 4.19%
[2026-04-25 10:55:39] [risk_manager] [WARNING] 📉 [DRAWDOWN_EXCEEDED] 净值回撤接近阈值: 当前回撤 4.20%
[2026-04-25 10:55:39] [risk_manager] [WARNING] 📉 [DRAWDOWN_EXCEEDED] 净值回撤接近阈值: 当前回撤 4.21%
[2026-04-25 10:55:39] [risk_manager] [WARNING] 📉 [DRAWDOWN_EXCEEDED] 净值回撤接近阈值: 当前回撤 4.22%
[2026-04-25 10:55:39] [risk_manager] [WARNING] 📉 [DRAWDOWN_EXCEEDED] 净值回撤接近阈值: 当前回撤 4.23%
[2026-04-25 10:55:39] [risk_manager] [WARNING] 📉 [DRAWDOWN_EXCEEDED] 净值回撤接近阈值: 当前回撤 4.24%
[2026-04-25 10:55:39] [risk_manager] [WARNING] 📉 [DRAWDOWN_EXCEEDED] 净值回撤接近阈值: 当前回撤 4.25%
[2026-04-25 10:55:39] [risk_manager] [WARNING] 📉 [DRAWDOWN_EXCEEDED] 净值回撤接近阈值: 当前回撤 4.26%
[2026-04-25 10:55:39] [risk_manager] [WARNING] 📉 [DRAWDOWN_EXCEEDED] 净值回撤接近阈值: 当前回撤 4.27%
[2026-04-25 10:55:39] [risk_manager] [WARNING] 📉 [DRAWDOWN_EXCEEDED] 净值回撤接近阈值: 当前回撤 4.28%
[2026-04-25 10:55:39] [risk_manager] [WARNING] 📉 [DRAWDOWN_EXCEEDED] 净值回撤接近阈值: 当前回撤 4.29%
[2026-04-25 10:55:39] [risk_manager] [WARNING] 📉 [DRAWDOWN_EXCEEDED] 净值回撤接近阈值: 当前回撤 4.30%
[2026-04-25 10:55:39] [risk_manager] [WARNING] 📉 [DRAWDOWN_EXCEEDED] 净值回撤接近阈值: 当前回撤 4.31%
[2026-04-25 10:55:39] [risk_manager] [WARNING] 📉 [DRAWDOWN_EXCEEDED] 净值回撤接近阈值: 当前回撤 4.32%
[2026-04-25 10:55:39] [risk_manager] [WARNING] 📉 [DRAWDOWN_EXCEEDED] 净值回撤接近阈值: 当前回撤 4.33%
[2026-04-25 10:55:39] [risk_manager] [WARNING] 📉 [DRAWDOWN_EXCEEDED] 净值回撤接近阈值: 当前回撤 4.34%
[2026-04-25 10:55:39] [risk_manager] [WARNING] 📉 [DRAWDOWN_EXCEEDED] 净值回撤接近阈值: 当前回撤 4.35%
[2026-04-25 10:55:39] [risk_manager] [WARNING] 📉 [DRAWDOWN_EXCEEDED] 净值回撤接近阈值: 当前回撤 4.36%
[2026-04-25 10:55:39] [risk_manager] [WARNING] 📉 [DRAWDOWN_EXCEEDED] 净值回撤接近阈值: 当前回撤 4.37%
[2026-04-25 10:55:39] [risk_manager] [WARNING] 📉 [DRAWDOWN_EXCEEDED] 净值回撤接近阈值: 当前回撤 4.38%
[2026-04-25 10:55:39] [risk_manager] [WARNING] 📉 [DRAWDOWN_EXCEEDED] 净值回撤接近阈值: 当前回撤 4.39%
[2026-04-25 10:55:39] [risk_manager] [WARNING] 📉 [DRAWDOWN_EXCEEDED] 净值回撤接近阈值: 当前回撤 4.40%
[2026-04-25 10:55:39] [risk_manager] [WARNING] 📉 [DRAWDOWN_EXCEEDED] 净值回撤接近阈值: 当前回撤 4.41%
[2026-04-25 10:55:39] [risk_manager] [WARNING] 📉 [DRAWDOWN_EXCEEDED] 净值回撤接近阈值: 当前回撤 4.42%
[2026-04-25 10:55:39] [risk_manager] [WARNING] 📉 [DRAWDOWN_EXCEEDED] 净值回撤接近阈值: 当前回撤 4.43%
[2026-04-25 10:55:39] [risk_manager] [WARNING] 📉 [DRAWDOWN_EXCEEDED] 净值回撤接近阈值: 当前回撤 4.44%
[2026-04-25 10:55:39] [risk_manager] [WARNING] 📉 [DRAWDOWN_EXCEEDED] 净值回撤接近阈值: 当前回撤 4.45%
[2026-04-25 10:55:39] [risk_manager] [WARNING] 📉 [DRAWDOWN_EXCEEDED] 净值回撤接近阈值: 当前回撤 4.46%
[2026-04-25 10:55:39] [risk_manager] [WARNING] 📉 [DRAWDOWN_EXCEEDED] 净值回撤接近阈值: 当前回撤 4.47%
[2026-04-25 10:55:39] [risk_manager] [WARNING] 📉 [DRAWDOWN_EXCEEDED] 净值回撤接近阈值: 当前回撤 4.48%
[2026-04-25 10:55:39] [risk_manager] [WARNING] 📉 [DRAWDOWN_EXCEEDED] 净值回撤接近阈值: 当前回撤 4.49%
[2026-04-25 10:55:39] [risk_manager] [WARNING] 📉 [DRAWDOWN_EXCEEDED] 净值回撤接近阈值: 当前回撤 4.50%
[2026-04-25 10:55:39] [risk_manager] [WARNING] 📉 [DRAWDOWN_EXCEEDED] 净值回撤接近阈值: 当前回撤 4.51%
[2026-04-25 10:55:39] [risk_manager] [WARNING] 📉 [DRAWDOWN_EXCEEDED] 净值回撤接近阈值: 当前回撤 4.52%
[2026-04-25 10:55:39] [risk_manager] [WARNING] 📉 [DRAWDOWN_EXCEEDED] 净值回撤接近阈值: 当前回撤 4.53%
[2026-04-25 10:55:39] [risk_manager] [WARNING] 📉 [DRAWDOWN_EXCEEDED] 净值回撤接近阈值: 当前回撤 4.54%
[2026-04-25 10:55:39] [risk_manager] [WARNING] 📉 [DRAWDOWN_EXCEEDED] 净值回撤接近阈值: 当前回撤 4.55%
[2026-04-25 10:55:39] [risk_manager] [WARNING] 📉 [DRAWDOWN_EXCEEDED] 净值回撤接近阈值: 当前回撤 4.56%
[2026-04-25 10:55:39] [risk_manager] [WARNING] 📉 [DRAWDOWN_EXCEEDED] 净值回撤接近阈值: 当前回撤 4.57%
[2026-04-25 10:55:39] [risk_manager] [WARNING] 📉 [DRAWDOWN_EXCEEDED] 净值回撤接近阈值: 当前回撤 4.58%
[2026-04-25 10:55:39] [risk_manager] [WARNING] 📉 [DRAWDOWN_EXCEEDED] 净值回撤接近阈值: 当前回撤 4.59%
[2026-04-25 10:55:39] [risk_manager] [WARNING] 📉 [DRAWDOWN_EXCEEDED] 净值回撤接近阈值: 当前回撤 4.60%
[2026-04-25 10:55:39] [risk_manager] [WARNING] 📉 [DRAWDOWN_EXCEEDED] 净值回撤接近阈值: 当前回撤 4.61%
[2026-04-25 10:55:39] [risk_manager] [WARNING] 📉 [DRAWDOWN_EXCEEDED] 净值回撤接近阈值: 当前回撤 4.62%
[2026-04-25 10:55:39] [risk_manager] [WARNING] 📉 [DRAWDOWN_EXCEEDED] 净值回撤接近阈值: 当前回撤 4.63%
[2026-04-25 10:55:39] [risk_manager] [WARNING] 📉 [DRAWDOWN_EXCEEDED] 净值回撤接近阈值: 当前回撤 4.64%
[2026-04-25 10:55:39] [risk_manager] [WARNING] 📉 [DRAWDOWN_EXCEEDED] 净值回撤接近阈值: 当前回撤 4.65%
[2026-04-25 10:55:39] [risk_manager] [WARNING] 📉 [DRAWDOWN_EXCEEDED] 净值回撤接近阈值: 当前回撤 4.66%
[2026-04-25 10:55:39] [risk_manager] [WARNING] 📉 [DRAWDOWN_EXCEEDED] 净值回撤接近阈值: 当前回撤 4.67%
[2026-04-25 10:55:39] [risk_manager] [WARNING] 📉 [DRAWDOWN_EXCEEDED] 净值回撤接近阈值: 当前回撤 4.68%
[2026-04-25 10:55:39] [risk_manager] [WARNING] 📉 [DRAWDOWN_EXCEEDED] 净值回撤接近阈值: 当前回撤 4.69%
[2026-04-25 10:55:39] [risk_manager] [WARNING] 📉 [DRAWDOWN_EXCEEDED] 净值回撤接近阈值: 当前回撤 4.70%
[2026-04-25 10:55:39] [risk_manager] [WARNING] 📉 [DRAWDOWN_EXCEEDED] 净值回撤接近阈值: 当前回撤 4.71%
[2026-04-25 10:55:39] [risk_manager] [WARNING] 📉 [DRAWDOWN_EXCEEDED] 净值回撤接近阈值: 当前回撤 4.72%
[2026-04-25 10:55:39] [risk_manager] [WARNING] 📉 [DRAWDOWN_EXCEEDED] 净值回撤接近阈值: 当前回撤 4.73%
[2026-04-25 10:55:39] [risk_manager] [WARNING] 📉 [DRAWDOWN_EXCEEDED] 净值回撤接近阈值: 当前回撤 4.74%
[2026-04-25 10:55:39] [risk_manager] [WARNING] 📉 [DRAWDOWN_EXCEEDED] 净值回撤接近阈值: 当前回撤 4.75%
[2026-04-25 10:55:39] [risk_manager] [WARNING] 📉 [DRAWDOWN_EXCEEDED] 净值回撤接近阈值: 当前回撤 4.76%
[2026-04-25 10:55:39] [risk_manager] [WARNING] 📉 [DRAWDOWN_EXCEEDED] 净值回撤接近阈值: 当前回撤 4.77%
[2026-04-25 10:55:39] [risk_manager] [WARNING] 📉 [DRAWDOWN_EXCEEDED] 净值回撤接近阈值: 当前回撤 4.78%
[2026-04-25 10:55:39] [risk_manager] [WARNING] 📉 [DRAWDOWN_EXCEEDED] 净值回撤接近阈值: 当前回撤 4.79%
[2026-04-25 10:55:39] [risk_manager] [WARNING] 📉 [DRAWDOWN_EXCEEDED] 净值回撤接近阈值: 当前回撤 4.80%
[2026-04-25 10:55:39] [risk_manager] [WARNING] 📉 [DRAWDOWN_EXCEEDED] 净值回撤接近阈值: 当前回撤 4.81%
[2026-04-25 10:55:39] [risk_manager] [WARNING] 📉 [DRAWDOWN_EXCEEDED] 净值回撤接近阈值: 当前回撤 4.82%
[2026-04-25 10:55:39] [risk_manager] [WARNING] 📉 [DRAWDOWN_EXCEEDED] 净值回撤接近阈值: 当前回撤 4.83%
[2026-04-25 10:55:39] [risk_manager] [WARNING] 📉 [DRAWDOWN_EXCEEDED] 净值回撤接近阈值: 当前回撤 4.84%
[2026-04-25 10:55:39] [risk_manager] [WARNING] 📉 [DRAWDOWN_EXCEEDED] 净值回撤接近阈值: 当前回撤 4.85%
[2026-04-25 10:55:39] [risk_manager] [WARNING] 📉 [DRAWDOWN_EXCEEDED] 净值回撤接近阈值: 当前回撤 4.86%
[2026-04-25 10:55:39] [risk_manager] [WARNING] 📉 [DRAWDOWN_EXCEEDED] 净值回撤接近阈值: 当前回撤 4.87%
[2026-04-25 10:55:39] [risk_manager] [WARNING] 📉 [DRAWDOWN_EXCEEDED] 净值回撤接近阈值: 当前回撤 4.88%
[2026-04-25 10:55:39] [risk_manager] [WARNING] 📉 [DRAWDOWN_EXCEEDED] 净值回撤接近阈值: 当前回撤 4.89%
[2026-04-25 10:55:39] [risk_manager] [WARNING] 📉 [DRAWDOWN_EXCEEDED] 净值回撤接近阈值: 当前回撤 4.90%
[2026-04-25 10:55:39] [risk_manager] [WARNING] 📉 [DRAWDOWN_EXCEEDED] 净值回撤接近阈值: 当前回撤 4.91%
[2026-04-25 10:55:39] [risk_manager] [WARNING] 📉 [DRAWDOWN_EXCEEDED] 净值回撤接近阈值: 当前回撤 4.92%
[2026-04-25 10:55:39] [risk_manager] [WARNING] 📉 [DRAWDOWN_EXCEEDED] 净值回撤接近阈值: 当前回撤 4.93%
[2026-04-25 10:55:39] [risk_manager] [WARNING] 📉 [DRAWDOWN_EXCEEDED] 净值回撤接近阈值: 当前回撤 4.94%
[2026-04-25 10:55:39] [risk_manager] [WARNING] 📉 [DRAWDOWN_EXCEEDED] 净值回撤接近阈值: 当前回撤 4.95%
[2026-04-25 10:55:39] [risk_manager] [WARNING] 📉 [DRAWDOWN_EXCEEDED] 净值回撤接近阈值: 当前回撤 4.96%
[2026-04-25 10:55:39] [risk_manager] [WARNING] 📉 [DRAWDOWN_EXCEEDED] 净值回撤接近阈值: 当前回撤 4.97%
[2026-04-25 10:55:39] [risk_manager] [WARNING] 📉 [DRAWDOWN_EXCEEDED] 净值回撤接近阈值: 当前回撤 4.98%
[2026-04-25 10:55:39] [risk_manager] [WARNING] 📉 [DRAWDOWN_EXCEEDED] 净值回撤接近阈值: 当前回撤 4.99%
[2026-04-25 10:55:39] [risk_manager] [CRITICAL] 📉 [DRAWDOWN_EXCEEDED] 净值回撤超过阈值: 当前回撤 5.00% > 阈值 5.0%
[2026-04-25 10:55:39] [risk_manager] [CRITICAL]    详情: {"peak_equity": 1000000.0, "current_equity": 950000.0, "drawdown_percent": 5.0, "threshold_percent": 5.0}
[2026-04-25 10:55:39] [risk_manager] [CRITICAL] [RiskManager] 
    ╔══════════════════════════════════════════════════════════════╗
    ║  🔥🔥🔥🔥🔥🔥🔥🔥🔥🔥🔥🔥🔥🔥🔥🔥🔥🔥🔥🔥🔥🔥🔥🔥🔥  ║
    ║                                                                ║
    ║     ⚠️  系 统 风 控 熔 断 触 发  ⚠️     ║
    ║                                                                ║
    ║  🔥🔥🔥🔥🔥🔥🔥🔥🔥🔥🔥🔥🔥🔥🔥🔥🔥🔥🔥🔥🔥🔥🔥🔥🔥  ║
    ╚══════════════════════════════════════════════════════════════╝
    
[2026-04-25 10:55:39] [risk_manager] [CRITICAL] 📉 [DRAWDOWN_EXCEEDED] 系统冻结: 净值回撤超过 5.0%
[2026-04-25 10:55:39] [risk_manager] [CRITICAL]    详情: {"reason": "净值回撤超过 5.0%", "timestamp": 1777085739.362666}
[2026-04-25 10:55:39] [risk_manager] [CRITICAL] 📉 [DRAWDOWN_EXCEEDED] 净值回撤超过阈值: 当前回撤 10.00% > 阈值 5.0%
[2026-04-25 10:55:39] [risk_manager] [CRITICAL]    详情: {"peak_equity": 1000000.0, "current_equity": 900000.0, "drawdown_percent": 10.0, "threshold_percent": 5.0}
[2026-04-25 10:55:39] [risk_manager] [CRITICAL] [RiskManager] 
    ╔══════════════════════════════════════════════════════════════╗
    ║  🔥🔥🔥🔥🔥🔥🔥🔥🔥🔥🔥🔥🔥🔥🔥🔥🔥🔥🔥🔥🔥🔥🔥🔥🔥  ║
    ║                                                                ║
    ║     ⚠️  系 统 风 控 熔 断 触 发  ⚠️     ║
    ║                                                                ║
    ║  🔥🔥🔥🔥🔥🔥🔥🔥🔥🔥🔥🔥🔥🔥🔥🔥🔥🔥🔥🔥🔥🔥🔥🔥🔥  ║
    ╚══════════════════════════════════════════════════════════════╝
    
[2026-04-25 10:55:39] [risk_manager] [CRITICAL] 📉 [DRAWDOWN_EXCEEDED] 系统冻结: 净值回撤超过 5.0%
[2026-04-25 10:55:39] [risk_manager] [CRITICAL]    详情: {"reason": "净值回撤超过 5.0%", "timestamp": 1777085739.3752005}
[2026-04-25 10:55:45] [risk_manager] [CRITICAL] 📉 [DRAWDOWN_EXCEEDED] 净值回撤超过阈值: 当前回撤 6.00% > 阈值 5.0%
[2026-04-25 10:55:45] [risk_manager] [CRITICAL]    详情: {"peak_equity": 1000000.0, "current_equity": 940000.0, "drawdown_percent": 6.0, "threshold_percent": 5.0}
[2026-04-25 10:55:45] [risk_manager] [CRITICAL] [RiskManager] 
    ╔══════════════════════════════════════════════════════════════╗
    ║  🔥🔥🔥🔥🔥🔥🔥🔥🔥🔥🔥🔥🔥🔥🔥🔥🔥🔥🔥🔥🔥🔥🔥🔥🔥  ║
    ║                                                                ║
    ║     ⚠️  系 统 风 控 熔 断 触 发  ⚠️     ║
    ║                                                                ║
    ║  🔥🔥🔥🔥🔥🔥🔥🔥🔥🔥🔥🔥🔥🔥🔥🔥🔥🔥🔥🔥🔥🔥🔥🔥🔥  ║
    ╚══════════════════════════════════════════════════════════════╝
    
[2026-04-25 10:55:45] [risk_manager] [CRITICAL] 📉 [DRAWDOWN_EXCEEDED] 系统冻结: 净值回撤超过 5.0%
[2026-04-25 10:55:45] [risk_manager] [CRITICAL]    详情: {"reason": "净值回撤超过 5.0%", "timestamp": 1777085745.4693143}
[2026-04-25 10:55:45] [risk_manager] [CRITICAL] 📉 [DRAWDOWN_EXCEEDED] 净值回撤超过阈值: 当前回撤 6.00% > 阈值 5.0%
[2026-04-25 10:55:45] [risk_manager] [CRITICAL]    详情: {"peak_equity": 1000000.0, "current_equity": 940000.0, "drawdown_percent": 6.0, "threshold_percent": 5.0}
[2026-04-25 10:55:45] [risk_manager] [CRITICAL] [RiskManager] 
    ╔══════════════════════════════════════════════════════════════╗
    ║  🔥🔥🔥🔥🔥🔥🔥🔥🔥🔥🔥🔥🔥🔥🔥🔥🔥🔥🔥🔥🔥🔥🔥🔥🔥  ║
    ║                                                                ║
    ║     ⚠️  系 统 风 控 熔 断 触 发  ⚠️     ║
    ║                                                                ║
    ║  🔥🔥🔥🔥🔥🔥🔥🔥🔥🔥🔥🔥🔥🔥🔥🔥🔥🔥🔥🔥🔥🔥🔥🔥🔥  ║
    ╚══════════════════════════════════════════════════════════════╝
    
[2026-04-25 10:55:45] [risk_manager] [CRITICAL] 📉 [DRAWDOWN_EXCEEDED] 系统冻结: 净值回撤超过 5.0%
[2026-04-25 10:55:45] [risk_manager] [CRITICAL]    详情: {"reason": "净值回撤超过 5.0%", "timestamp": 1777085745.4770052}
[2026-04-25 10:55:45] [risk_manager] [WARNING] 📉 [DRAWDOWN_EXCEEDED] 净值回撤接近阈值: 当前回撤 3.50%
[2026-04-25 10:55:45] [risk_manager] [CRITICAL] [RiskManager] 
    ╔══════════════════════════════════════════════════════════════╗
    ║  🔥🔥🔥🔥🔥🔥🔥🔥🔥🔥🔥🔥🔥🔥🔥🔥🔥🔥🔥🔥🔥🔥🔥🔥🔥  ║
    ║                                                                ║
    ║     ⚠️  系 统 风 控 熔 断 触 发  ⚠️     ║
    ║                                                                ║
    ║  🔥🔥🔥🔥🔥🔥🔥🔥🔥🔥🔥🔥🔥🔥🔥🔥🔥🔥🔥🔥🔥🔥🔥🔥🔥  ║
    ╚══════════════════════════════════════════════════════════════╝
    
[2026-04-25 10:55:45] [risk_manager] [CRITICAL] 📉 [DRAWDOWN_EXCEEDED] 系统冻结: 紧急停止: 测试紧急停止
[2026-04-25 10:55:45] [risk_manager] [CRITICAL]    详情: {"reason": "紧急停止: 测试紧急停止", "timestamp": 1777085745.539333}
[2026-04-25 10:55:45] [risk_manager] [CRITICAL] 📉 [DRAWDOWN_EXCEEDED] 净值回撤超过阈值: 当前回撤 5.00% > 阈值 5.0%
[2026-04-25 10:55:45] [risk_manager] [CRITICAL]    详情: {"peak_equity": 1000000.0, "current_equity": 950000.0, "drawdown_percent": 5.0, "threshold_percent": 5.0}
[2026-04-25 10:55:45] [risk_manager] [CRITICAL] [RiskManager] 
    ╔══════════════════════════════════════════════════════════════╗
    ║  🔥🔥🔥🔥🔥🔥🔥🔥🔥🔥🔥🔥🔥🔥🔥🔥🔥🔥🔥🔥🔥🔥🔥🔥🔥  ║
    ║                                                                ║
    ║     ⚠️  系 统 风 控 熔 断 触 发  ⚠️     ║
    ║                                                                ║
    ║  🔥🔥🔥🔥🔥🔥🔥🔥🔥🔥🔥🔥🔥🔥🔥🔥🔥🔥🔥🔥🔥🔥🔥🔥🔥  ║
    ╚══════════════════════════════════════════════════════════════╝
    
[2026-04-25 10:55:45] [risk_manager] [CRITICAL] 📉 [DRAWDOWN_EXCEEDED] 系统冻结: 净值回撤超过 5.0%
[2026-04-25 10:55:45] [risk_manager] [CRITICAL]    详情: {"reason": "净值回撤超过 5.0%", "timestamp": 1777085745.5568945}
[2026-04-25 10:55:45] [risk_manager] [WARNING] ⚠️ [STRATEGY_MARGIN_EXCEEDED] 策略 [StrategyA] 保证金接近阈值: 25.00%
[2026-04-25 10:55:45] [risk_manager] [CRITICAL] ⚠️ [STRATEGY_MARGIN_EXCEEDED] 策略 [StrategyA] 保证金超过阈值: 40.00% > 30.0%
[2026-04-25 10:55:45] [risk_manager] [CRITICAL]    详情: {"strategy_name": "StrategyA", "margin_used": 200000.0, "total_asset": 500000.0, "margin_percent": 40.0, "threshold_percent": 30.0}
[2026-04-25 10:57:42] [risk_manager] [WARNING] 🚧 [PRICE_DEVIATION_BLOCKED] 订单价格偏离拦截: 价格偏离超过阈值: 偏离 1.43% > 阈值 1.0%
[2026-04-25 10:57:42] [risk_manager] [WARNING] 💸 [DAILY_LOSS_EXCEEDED] 日亏损接近限额: 当前亏损 1.50%
[2026-04-25 10:57:42] [risk_manager] [CRITICAL] 💸 [DAILY_LOSS_EXCEEDED] 日亏损超过限额: 当前亏损 2.00% > 限额 2.0%
[2026-04-25 10:57:42] [risk_manager] [CRITICAL]    详情: {"daily_start_equity": 1000000.0, "current_equity": 980000.0, "daily_loss_amount": 20000.0, "daily_loss_percent": 2.0, "limit_percent": 2.0}
[2026-04-25 10:57:42] [risk_manager] [CRITICAL] [RiskManager] 
    ╔══════════════════════════════════════════════════════════════╗
    ║  🔥🔥🔥🔥🔥🔥🔥🔥🔥🔥🔥🔥🔥🔥🔥🔥🔥🔥🔥🔥🔥🔥🔥🔥🔥  ║
    ║                                                                ║
    ║     ⚠️  系 统 风 控 熔 断 触 发  ⚠️     ║
    ║                                                                ║
    ║  🔥🔥🔥🔥🔥🔥🔥🔥🔥🔥🔥🔥🔥🔥🔥🔥🔥🔥🔥🔥🔥🔥🔥🔥🔥  ║
    ╚══════════════════════════════════════════════════════════════╝
    
[2026-04-25 10:57:42] [risk_manager] [CRITICAL] 📉 [DRAWDOWN_EXCEEDED] 系统冻结: 日亏损超过 2.0%
[2026-04-25 10:57:42] [risk_manager] [CRITICAL]    详情: {"reason": "日亏损超过 2.0%", "timestamp": 1777085862.7055168}
[2026-04-25 10:57:42] [risk_manager] [CRITICAL] 💸 [DAILY_LOSS_EXCEEDED] 日亏损超过限额: 当前亏损 3.00% > 限额 2.0%
[2026-04-25 10:57:42] [risk_manager] [CRITICAL]    详情: {"daily_start_equity": 1000000.0, "current_equity": 970000.0, "daily_loss_amount": 30000.0, "daily_loss_percent": 3.0, "limit_percent": 2.0}
[2026-04-25 10:57:42] [risk_manager] [CRITICAL] [RiskManager] 
    ╔══════════════════════════════════════════════════════════════╗
    ║  🔥🔥🔥🔥🔥🔥🔥🔥🔥🔥🔥🔥🔥🔥🔥🔥🔥🔥🔥🔥🔥🔥🔥🔥🔥  ║
    ║                                                                ║
    ║     ⚠️  系 统 风 控 熔 断 触 发  ⚠️     ║
    ║                                                                ║
    ║  🔥🔥🔥🔥🔥🔥🔥🔥🔥🔥🔥🔥🔥🔥🔥🔥🔥🔥🔥🔥🔥🔥🔥🔥🔥  ║
    ╚══════════════════════════════════════════════════════════════╝
    
[2026-04-25 10:57:42] [risk_manager] [CRITICAL] 📉 [DRAWDOWN_EXCEEDED] 系统冻结: 日亏损超过 2.0%
[2026-04-25 10:57:42] [risk_manager] [CRITICAL]    详情: {"reason": "日亏损超过 2.0%", "timestamp": 1777085862.7080588}
[2026-04-25 10:57:42] [risk_manager] [INFO] 🔴 📉 [POSITION_CLOSED] 策略: TestStrategy | 合约: SHFE.rb2410 | 方向: SELL | 数量: 1 | 价格: 3490.00 | PnL: -1,000.00
[2026-04-25 10:57:42] [risk_manager] [INFO] 🔴 📉 [POSITION_CLOSED] 策略: TestStrategy | 合约: SHFE.rb2410 | 方向: SELL | 数量: 1 | 价格: 3480.00 | PnL: -2,000.00
[2026-04-25 10:57:42] [risk_manager] [INFO] 🔴 📉 [POSITION_CLOSED] 策略: TestStrategy | 合约: SHFE.rb2410 | 方向: SELL | 数量: 1 | 价格: 3470.00 | PnL: -3,000.00
[2026-04-25 10:57:42] [risk_manager] [INFO] 🔴 📉 [POSITION_CLOSED] 策略: TestStrategy | 合约: SHFE.rb2410 | 方向: SELL | 数量: 1 | 价格: 3460.00 | PnL: -4,000.00
[2026-04-25 10:57:42] [risk_manager] [INFO] 🔴 📉 [POSITION_CLOSED] 策略: TestStrategy | 合约: SHFE.rb2410 | 方向: SELL | 数量: 1 | 价格: 3450.00 | PnL: -5,000.00
[2026-04-25 10:57:42] [risk_manager] [WARNING] 📉📉📉 [CONSECUTIVE_LOSS_EXCEEDED] 策略 [TestStrategy] 连续亏损 5 次，超过限制 5 次
[2026-04-25 10:57:42] [risk_manager] [WARNING] ⏸️ [STRATEGY_PAUSED] 策略 [TestStrategy] 已暂停
[2026-04-25 10:57:42] [risk_manager] [INFO] 🔴 📉 [POSITION_CLOSED] 策略: TestStrategy | 合约: SHFE.rb2410 | 方向: SELL | 数量: 1 | 价格: 3440.00 | PnL: -6,000.00
[2026-04-25 10:57:42] [risk_manager] [WARNING] 📉📉📉 [CONSECUTIVE_LOSS_EXCEEDED] 策略 [TestStrategy] 连续亏损 6 次，超过限制 5 次
[2026-04-25 10:57:42] [risk_manager] [WARNING] ⏸️ [STRATEGY_PAUSED] 策略 [TestStrategy] 已暂停
[2026-04-25 10:57:42] [risk_manager] [INFO] 🔴 📉 [POSITION_CLOSED] 策略: TestStrategy | 合约: SHFE.rb2410 | 方向: SELL | 数量: 1 | 价格: 3430.00 | PnL: -7,000.00
[2026-04-25 10:57:42] [risk_manager] [WARNING] 📉📉📉 [CONSECUTIVE_LOSS_EXCEEDED] 策略 [TestStrategy] 连续亏损 7 次，超过限制 5 次
[2026-04-25 10:57:42] [risk_manager] [WARNING] ⏸️ [STRATEGY_PAUSED] 策略 [TestStrategy] 已暂停
[2026-04-25 10:57:42] [risk_manager] [INFO] [RiskManager] 策略 [TestStrategy] 已恢复交易
[2026-04-25 10:57:42] [risk_manager] [INFO] 🔴 📉 [POSITION_CLOSED] 策略: TestStrategy | 合约: SHFE.rb2410 | 方向: SELL | 数量: 1 | 价格: 3500.00 | PnL: -1,000.00
[2026-04-25 10:57:42] [risk_manager] [INFO] 
╔══════════════════════════════════════════════════════════════════════════════╗
║                        📊 风 控 体 检 报 告                                      ║
╠══════════════════════════════════════════════════════════════════════════════╣
║  生成时间: 2026-04-25 10:57:42                                                ║
║  当前状态: 🟢 SAFE | 🆓 正常运行                                    ║
╠══════════════════════════════════════════════════════════════════════════════╣
║                                                                                  ║
║  ┌──────────────── 订单与风控统计 ────────────────┐                             ║
║  │  总撤单数:                     3 笔                    │                             ║
║  │  风控拦截订单数:               2 笔                    │                             ║
║  │  总风险事件数:                 0 次                    │                             ║
║  │  严重风险事件数:               0 次                    │                             ║
║  └──────────────────────────────────────────────────┘                             ║
║                                                                                  ║
║  ┌──────────────── 盈亏与回撤统计 ────────────────┐                             ║
║  │  峰值权益:                 1,000,000.00                         │                             ║
║  │  当前权益:                         0.00                         │                             ║
║  │  当前回撤:                      0.00%                         │                             ║
║  │  最大单笔回撤:                50,000.00                         │                             ║
║  │  最大单笔回撤(%):               5.00%                         │                             ║
║  │  当日亏损金额:             1,000,000.00                         │                             ║
║  │  当日亏损比例:                100.00%                         │                             ║
║  └──────────────────────────────────────────────────┘                             ║
║                                                                                  ║
║  ┌──────────────── 交易与连胜统计 ────────────────┐                             ║
║  │  总交易次数:                  16 次                    │                             ║
║  │  盈利交易:                     8 次                    │                             ║
║  │  亏损交易:                     8 次                    │                             ║
║  │  当前连续亏损:                 1 次                    │                             ║
║  │  最大连续亏损:                 4 次                    │                             ║
║  └──────────────────────────────────────────────────┘                             ║
║                                                                                  ║
╚══════════════════════════════════════════════════════════════════════════════╝

[2026-04-25 10:57:42] [risk_manager] [WARNING] 🚧 [PRICE_DEVIATION_BLOCKED] 订单价格偏离拦截: 价格偏离超过阈值: 偏离 5.71% > 阈值 1.0%
[2026-04-25 10:57:42] [risk_manager] [INFO] 🔴 📉 [POSITION_CLOSED] 策略: AggressiveStrategy | 合约: SHFE.rb2410 | 方向: SELL | 数量: 10 | 价格: 3450.00 | PnL: -5,000.00
[2026-04-25 10:57:42] [risk_manager] [INFO] 🔴 📉 [POSITION_CLOSED] 策略: AggressiveStrategy | 合约: SHFE.rb2410 | 方向: SELL | 数量: 10 | 价格: 3400.00 | PnL: -10,000.00
[2026-04-25 10:57:42] [risk_manager] [INFO] 🔴 📉 [POSITION_CLOSED] 策略: AggressiveStrategy | 合约: SHFE.rb2410 | 方向: SELL | 数量: 10 | 价格: 3350.00 | PnL: -15,000.00
[2026-04-25 10:57:42] [risk_manager] [WARNING] 📉📉📉 [CONSECUTIVE_LOSS_EXCEEDED] 策略 [AggressiveStrategy] 连续亏损 3 次，超过限制 3 次
[2026-04-25 10:57:42] [risk_manager] [WARNING] ⏸️ [STRATEGY_PAUSED] 策略 [AggressiveStrategy] 已暂停
[2026-04-25 10:57:42] [risk_manager] [CRITICAL] 💸 [DAILY_LOSS_EXCEEDED] 日亏损超过限额: 当前亏损 3.00% > 限额 2.0%
[2026-04-25 10:57:42] [risk_manager] [CRITICAL]    详情: {"daily_start_equity": 1000000.0, "current_equity": 970000.0, "daily_loss_amount": 30000.0, "daily_loss_percent": 3.0, "limit_percent": 2.0}
[2026-04-25 10:57:42] [risk_manager] [CRITICAL] [RiskManager] 
    ╔══════════════════════════════════════════════════════════════╗
    ║  🔥🔥🔥🔥🔥🔥🔥🔥🔥🔥🔥🔥🔥🔥🔥🔥🔥🔥🔥🔥🔥🔥🔥🔥🔥  ║
    ║                                                                ║
    ║     ⚠️  系 统 风 控 熔 断 触 发  ⚠️     ║
    ║                                                                ║
    ║  🔥🔥🔥🔥🔥🔥🔥🔥🔥🔥🔥🔥🔥🔥🔥🔥🔥🔥🔥🔥🔥🔥🔥🔥🔥  ║
    ╚══════════════════════════════════════════════════════════════╝
    
[2026-04-25 10:57:42] [risk_manager] [CRITICAL] 📉 [DRAWDOWN_EXCEEDED] 系统冻结: 日亏损超过 2.0%
[2026-04-25 10:57:42] [risk_manager] [CRITICAL]    详情: {"reason": "日亏损超过 2.0%", "timestamp": 1777085862.718774}
[2026-04-25 10:57:42] [risk_manager] [INFO] 
╔══════════════════════════════════════════════════════════════════════════════╗
║                        📊 风 控 体 检 报 告                                      ║
╠══════════════════════════════════════════════════════════════════════════════╣
║  生成时间: 2026-04-25 10:57:42                                                ║
║  当前状态: 🔴 FROZEN | 🔒 已冻结                                    ║
╠══════════════════════════════════════════════════════════════════════════════╣
║                                                                                  ║
║  ┌──────────────── 订单与风控统计 ────────────────┐                             ║
║  │  总撤单数:                     0 笔                    │                             ║
║  │  风控拦截订单数:               0 笔                    │                             ║
║  │  总风险事件数:                 1 次                    │                             ║
║  │  严重风险事件数:               1 次                    │                             ║
║  └──────────────────────────────────────────────────┘                             ║
║                                                                                  ║
║  ┌──────────────── 盈亏与回撤统计 ────────────────┐                             ║
║  │  峰值权益:                 1,000,000.00                         │                             ║
║  │  当前权益:                         0.00                         │                             ║
║  │  当前回撤:                      0.00%                         │                             ║
║  │  最大单笔回撤:                     0.00                         │                             ║
║  │  最大单笔回撤(%):               0.00%                         │                             ║
║  │  当日亏损金额:             1,000,000.00                         │                             ║
║  │  当日亏损比例:                100.00%                         │                             ║
║  └──────────────────────────────────────────────────┘                             ║
║                                                                                  ║
║  ┌──────────────── 交易与连胜统计 ────────────────┐                             ║
║  │  总交易次数:                   0 次                    │                             ║
║  │  盈利交易:                     0 次                    │                             ║
║  │  亏损交易:                     0 次                    │                             ║
║  │  当前连续亏损:                 0 次                    │                             ║
║  │  最大连续亏损:                 0 次                    │                             ║
║  └──────────────────────────────────────────────────┘                             ║
║                                                                                  ║
║  ┌──────────────── 🔴 冻结原因 ──────────────────┐                             ║
║  │  日亏损超过 2.0%                                                    │                             ║
║  └──────────────────────────────────────────────────┘                             ║
║                                                                                  ║
╚══════════════════════════════════════════════════════════════════════════════╝

